Open log file success:tk-ureox2.3.log
Open alias database success:alias.dbs
Start reading alias database: alias.dbs
Name and alias added: h+  h+1
Name and alias added: ca4h(po4)3:3h2o  ca4h(po4)3:3
Name and alias added: chlorite(cca-2)  chlorite(cca
Name and alias added: epidote(ordered)  epido(orded)
Name and alias added: fluorapatite(pp)  fluor(pp)
Name and alias added: fluorapatite(synth)  fluor(synth)
Name and alias added: hbeidellite(ca)  hbeidell(ca)
Name and alias added: hbeidellite(k)  hbeidell(k)
Name and alias added: hbeidellite(mg)  hbeidell(mg)
Name and alias added: hbeidellite(na)  hbeidell(na)
Name and alias added: hmontmorillonite(hcca)  hmontm(hcca)
Name and alias added: hmontmorillonite(hck)  hmontm(hck)
Name and alias added: hmontmorillonite(hcmg)  hmontm(hcmg)
Name and alias added: hmontmorillonite(hcna)  hmontm(hcna)
Name and alias added: hmontmorillonite(mgca)  hmontm(mgca)
Name and alias added: hmontmorillonite(mgk)  hmontm(mgk)
Name and alias added: hmontmorillonite(mgmg)  hmontm(mgmg)
Name and alias added: hmontmorillonite(mgna)  hmontm(mgna)
Name and alias added: hnontronite(ca)  hnontron(ca)
Name and alias added: hnontronite(k)  hnontron(k)
Name and alias added: hnontronite(mg)  hnontron(mg)
Name and alias added: hnontronite(na)  hnontron(na)
Name and alias added: hsaponite(ca)  hsapon(ca)
Name and alias added: hsaponite(feca)  hsapon(feca)
Name and alias added: hsaponite(fek)  hsapon(fek)
Name and alias added: hsaponite(femg)  hsapon(femg)
Name and alias added: hsaponite(fena)  hsapon(fena)
Name and alias added: hsaponite(mg)  hsapon(mg)
Name and alias added: hsaponite(na)  hsapon(na)
Name and alias added: hvermiculite(ca)  hvermicu(ca)
Name and alias added: hvermiculite(k)  hvermicu(k)
Name and alias added: hvermiculite(mg)  hvermicu(mg)
Name and alias added: hvermiculite(na)  hvermicu(na)
Name and alias added: hydroxyapatite(pp)  hydro(pp)
Name and alias added: hydroxyapatite(synth)  hydro(synth)
Name and alias added: i/s(iscz-1:2.966h2o)  i/s(iscz-1:2
Name and alias added: magnesite(synth)  magnesite(sy
Name and alias added: cr(oh)3(h2po4)-  cr(oh)3(h2_-
Name and alias added: cr(oh)3(hpo4)-2  cr(oh)3(h_-2
Name and alias added: cr(oh)3(po4)-3  cr(oh)3(po4)
Name and alias added: cr(oh)4(hpo4)(h2po4)-4  cr(oh)4(h_-4
Name and alias added: 2k2so4.fe2(so4)3:14h2o  2k2so4.fe2(s
Name and alias added: 2kcl.fecl3:h2o  2kcl.fecl3:h
Name and alias added: acanthite(alpha)  acanthite(al
Name and alias added: acanthite(beta)  acanthite(be
Name and alias added: acanthite(gamma)  acanthite(ga
Name and alias added: aegerine(alpha)  aegerine(alp
Name and alias added: almandine(alpha)  almandine(al
Name and alias added: amorphous_silica  amorphous_si
Name and alias added: anthophyllite  anthophyllit
Name and alias added: argutite(alpha)  argutite(alp
Name and alias added: argutite(beta)  argutite(bet
Name and alias added: arsenocrandallite  arsenocranda
Name and alias added: arsenoflorencite(ce)  arsenofl(ce)
Name and alias added: arsenoflorencite(la)  arsenofl(la)
Name and alias added: arsenogorceixite  arsenogorcei
Name and alias added: arsenogoyazite  arsenogoyazi
Name and alias added: beidellite(ca)  beidellite(c
Name and alias added: beidellite(k)  beidellite(k
Name and alias added: beidellite(mg)  beidellite(m
Name and alias added: beidellite(na)  beidellite(n
Name and alias added: beidellitesbid  beidellitesb
Name and alias added: beidellitesbid(4.576h2o)  beidell_h2o)
Name and alias added: berthierine(th)  berthier_th
Name and alias added: bornite(alpha)  bornite(alph
Name and alias added: bornite(beta)  bornite(beta
Name and alias added: bornite(gamma)  bornite(gamm
Name and alias added: bunsenite(alpha)  bunsenite(al
Name and alias added: bunsenite(beta)  bunsenite(be
Name and alias added: ca3(aso4)2:3.66h2o  ca3(aso4)2:3
Name and alias added: ca4(oh)2(aso4)2:4h2o  ca4(oh)2(aso
Name and alias added: ca4h(po4)3:2.5h2o  ca4h(po4)3:2
Name and alias added: caalh(po4)2:6h2o  caalh(po4)2:
Name and alias added: celadonite(fe)  celadonite(f
Name and alias added: chalcocite(alpha)  chalcocite(a
Name and alias added: chalcocyanite  chalcocyanit
Name and alias added: chalcopyrite(alpha)  chalcopyri_a
Name and alias added: chalcopyrite(beta)  chalcopyri_b
Name and alias added: chalcopyrite(gamma)  chalcopyri_c
Name and alias added: chamosite(daphnite)  chamosite(da
Name and alias added: chlorapatite(pp)  chlorapat_pp
Name and alias added: chlorapatite(synth)  chlorapat_th
Name and alias added: chlorargyrite  chlorargyrit
Name and alias added: chloromagnesite  chloromagnes
Name and alias added: cinnabar(alpha)  cinnabar(alp
Name and alias added: cinnabar(beta)  cinnabar(bet
Name and alias added: clinoptilolite(ca)  clinoptil_ca
Name and alias added: clinoptilolite(k)  clinoptilo_k
Name and alias added: clinoptilolite(na)  clinoptil_na
Name and alias added: co(feo2)2(alpha)  co(feo2)2(al
Name and alias added: co(oh)2(blue)  co(oh)2(blue
Name and alias added: co(oh)2(pink-pc)  co(oh)2(p_pc
Name and alias added: co(oh)2(pink-wc)  co(oh)2(p_wc
Name and alias added: coesite(alpha)  coesite(alph
Name and alias added: cordierite(hydrated)  cordierite(h
Name and alias added: corundum(alpha)  corundum(alp
Name and alias added: corundum(gamma)  corundum(gam
Name and alias added: cristobalite(alpha)  cristobali_a
Name and alias added: cristobalite(beta)  cristobali_b
Name and alias added: cronstedtite(th)  cronstedti_c
Name and alias added: crpo4(purple)  crpo4(purple
Name and alias added: cu3(po4)2:3h2o  cu3(po4)2:3h
Name and alias added: cummingtonite  cummingtonit
Name and alias added: dolomite(disordered)  dolomite(dis
Name and alias added: dolomite(ordered)  dolomite(ord
Name and alias added: edenite(alpha)  edenite(alph
Name and alias added: enstatite(alpha)  enstatite(al
Name and alias added: ettringite(cr)  ettringite(c
Name and alias added: ettringite(fe)  ettringite(f
Name and alias added: farringtonite  farringtonit
Name and alias added: ferricopiapite  ferricopiapi
Name and alias added: ferrihydrite(2l)  ferrihydr_21
Name and alias added: ferrihydrite(6l)  ferrihydr_61
Name and alias added: ferrohexahydrite  ferrohexahyd
Name and alias added: ferropargasite  ferropargasi
Name and alias added: ferrosilite(alpha)  ferrosilit_a
Name and alias added: ferrosilite(beta)  ferrosilit_b
Name and alias added: ferrotremolite  ferrotremoli
Name and alias added: florencite(la)  florencite(l
Name and alias added: fluorapatite(natur)  fluora_natur
Name and alias added: fluorphlogopite  fluorphlogop
Name and alias added: gallobeudantite  gallobeudant
Name and alias added: greenrust(cl)  greenrust(cl
Name and alias added: greenrust(co3)  greenrust(co
Name and alias added: greenrust(oh)  greenrust(oh
Name and alias added: greenrust(so3)  greenrust(so
Name and alias added: greenrust2(so4)  greenrust2(s
Name and alias added: hemicarboaluminate  hemicarboalu
Name and alias added: hemihydroxichloride(ca)  hemihydroxic
Name and alias added: heulandite(ca)  heulandite(c
Name and alias added: heulandite(na)  heulandite(n
Name and alias added: hilgenstockite  hilgenstocki
Name and alias added: hillebrandite  hillebrandit
Name and alias added: hopeite(alpha)  hopeite(alph
Name and alias added: hopeite(beta)  hopeite(beta
Name and alias added: hydrocalumnite(cr)  hydrocalumni
Name and alias added: hydrocerussite  hydrocerussi
Name and alias added: hydromagnesite  hydromagnesi
Name and alias added: hydrotalcite(co3)  hydrotal_co3
Name and alias added: hydroxichloride(ca)  hydroxichl_a
Name and alias added: hydroxichloride(ca:13h2o)  hydroxichl_b
Name and alias added: hydroxichloride(ca:h2o)  hydroxichl_c
Name and alias added: hydroxichloride(mg:4h2o)  hydroxichl_d
Name and alias added: hydroxyapatite(natur)  hydroxyapati
Name and alias added: illite(feiii)  illite(feiii
Name and alias added: jarosite(nh4)  jarosite(nh4
Name and alias added: k2so4.feso4:6h2o  k2so4.feso4:
Name and alias added: kalsilite(alpha)  kalsilite(al
Name and alias added: kalsilite(beta)  kalsilite(be
Name and alias added: kcl.mgcl2:6h2o  kcl.mgcl2:6h
Name and alias added: larnite(alpha)  larnite(alph
Name and alias added: larnite(beta)  larnite(beta
Name and alias added: larnite(gamma)  larnite(gamm
Name and alias added: lawsonite(alpha)  lawsonite(al
Name and alias added: lepidocrocite  lepidocrocit
Name and alias added: maghemite(disordered)  maghemite(di
Name and alias added: magnesiochromite  magnesiochro
Name and alias added: magnesioferrite  magnesioferr
Name and alias added: magnesite(natur)  magnesite(na
Name and alias added: magnetite(am)  magnetite(am
Name and alias added: merlinoite(k)  merlinoite(k
Name and alias added: merlinoite(na)  merlinoite(n
Name and alias added: mg3(po4)2:22h2o  mg3(po4)2:22
Name and alias added: mgcl2.fecl2:8h2o  mgcl2.fecl2:
Name and alias added: monocarboaluminate  monocarboalu
Name and alias added: monohydrocalcite  monohydrocal
Name and alias added: monosulfate(fe)  monosulfa_fe
Name and alias added: monosulfoaluminate  monosulfoalu
Name and alias added: montmorillonite(hcca)  montmorill_a
Name and alias added: montmorillonite(hck)  montmorill_b
Name and alias added: montmorillonite(hcmg)  montmorill_c
Name and alias added: montmorillonite(hcna)  montmorill_d
Name and alias added: montmorillonite(mgca)  montmorill_e
Name and alias added: montmorillonite(mgk)  montmorill_f
Name and alias added: montmorillonite(mgmg)  montmorill_g
Name and alias added: montmorillonite(mgna)  montmorill_h
Name and alias added: mordeniteb(ca)  mordeniteb(c
Name and alias added: muscovite(disordered)  muscovite(di
Name and alias added: muscovite(ordered)  muscovite(or
Name and alias added: na2so4.feso4:4h2o  na2so4.feso4
Name and alias added: nesquehonite(alpha)  nesquehoni_a
Name and alias added: nesquehonite(beta)  nesquehoni_b
Name and alias added: nontronite(ca)  nontronite(c
Name and alias added: nontronite(k)  nontronite(k
Name and alias added: nontronite(mg)  nontronite(m
Name and alias added: nontronite(na)  nontronite(n
Name and alias added: philipsbornite  philipsborni
Name and alias added: phillipsite(ca)  phillipsi_ca
Name and alias added: phillipsite(k)  phillipsit_k
Name and alias added: phillipsite(na)  phillipsi_na
Name and alias added: phlogopite(na)  phlogopit_na
Name and alias added: plumbogummite  plumbogummit
Name and alias added: plumbonacrite  plumbonacrit
Name and alias added: pseudomalachite  pseudomalach
Name and alias added: pyromorphite(br)  pyromorph_br
Name and alias added: pyromorphite(cl)  pyromorph_cl
Name and alias added: pyromorphite(f)  pyromorphi_f
Name and alias added: pyrope(alpha)  pyrope(alpha
Name and alias added: pyroxene(caal)  pyroxene(caa
Name and alias added: quartz(alpha)  quartz(alpha
Name and alias added: rhodochrosite  rhodochrosit
Name and alias added: rockbridgite(zn)  rockbridgite
Name and alias added: saponite(feca)  saponite(fec
Name and alias added: saponite(fek)  saponite(fek
Name and alias added: saponite(femg)  saponite(fem
Name and alias added: saponite(fena)  saponite(fen
Name and alias added: schwertmannite  schwertmanni
Name and alias added: scorodite(am)  scorodite(am
Name and alias added: siderophyllite  siderophylli
Name and alias added: smectite(mx80)  smectite(m_a
Name and alias added: smectite(mx80:3.989h2o)  smectite(m_b
Name and alias added: smectite(mx80:5.189h2o)  smectite(m_c
Name and alias added: spessartine(alpha)  spessartin_a
Name and alias added: sphaerocobaltite  sphaerocobal
Name and alias added: spingcreekite  spingcreekit
Name and alias added: sr5(po4)3(oh)  sr5(po4)3(oh
Name and alias added: sterlinghillite  sterlinghill
Name and alias added: straetlingite  straetlingit
Name and alias added: thermonatrite  thermonatrit
Name and alias added: tobermorite(11a)  tobermor_11a
Name and alias added: tobermorite(14a)  tobermor_14a
Name and alias added: vermiculite(ca)  vermiculi_ca
Name and alias added: vermiculite(k)  vermiculit_k
Name and alias added: vermiculite(mg)  vermiculi_mg
Name and alias added: vermiculite(na)  vermiculi_na
Name and alias added: westerveldite  westerveldit
Name and alias added: whitlockite(high)  whitlockit_h
Name and alias added: whitlockite(low)  whitlockit_l
Name and alias added: zn3(po4)2:2h2o  zn3(po4)2:2h
Name and alias added: zn3(po4)2:h2o  zn3(po4)2:h2
Name and alias added: h(acetate)(aq)  h(acetate)(a
Name and alias added: h(lactate)(aq)  h(lactate)(a
Name and alias added: (uo2)11(co3)6(oh)12--  (uo2)11(co3)
Name and alias added: (uo2)2(oh)2++  (uo2)2(oh)2+
Name and alias added: (uo2)2co3(oh)3-  (uo2)2co3(oh
Name and alias added: (uo2)3(co3)6(6-)  (uo2)3(co3)6
Name and alias added: (uo2)3(oh)4++  (uo2)3(oh)4+
Name and alias added: (uo2)3o(oh)2(hco3)+  (uo2)3o(oh)2
Name and alias added: uo2(co3)3----  uo2(co3)3---
Name and alias added: cauo2(co3)3--  cauo2(co3)3-
Name and alias added: uo2(co3)3(5-)  uo2(co3)3(5-
Name and alias added: antigorite(am)  antigorite(a
Name and alias added: bellite (c2s)  bellite (c2s
Name and alias added: boltwoodite-na  boltwoodite-
Name and alias added: ca2cl2(oh)2:h2o  ca2cl2(oh)2:
Name and alias added: ca4cl2(oh)6:13h2o  ca4cl2(oh)6:
Name and alias added: caso4:0.5h2o(beta)  caso4:0.5h2o
Name and alias added: compreignacite  compreignaci
Name and alias added: cronstedtite-7a  cronstedtite
Name and alias added: dicalcium_silicate  dicalcium_si
Name and alias added: ferrite-dicalcium  ferrite-dica
Name and alias added: ferroceladonite  ferroceladon
Name and alias added: k8h4(co3)6:3h2o  k8h4(co3)6:3
Name and alias added: na2uo4(alpha)  na2uo4(alpha
Name and alias added: na4ca(so4)3:2h2o  na4ca(so4)3:
Name and alias added: oxychloride-mg  oxychloride-
Name and alias added: pseudowollastonite  pseudowollas
Name and alias added: rutherfordine  rutherfordin
Name and alias added: sepiolite(am)  sepiolite(am
Name and alias added: sr(no3)2:4h2o  sr(no3)2:4h2
Name and alias added: uo2(no3)2:2h2o  uo2(no3)2:2h
Name and alias added: uo2(no3)2:3h2o  uo2(no3)2:3h
Name and alias added: uo2(no3)2:6h2o  uo2(no3)2:6h
Name and alias added: uo2(no3)2:h2o  uo2(no3)2:h2
Name and alias added: uo2(oh)2(beta)  uo2(oh)2(bet
Name and alias added: uo2so4:2.5h2o  uo2so4:2.5h2
Name and alias added: uo2so4:3.5h2o  uo2so4:3.5h2
Name and alias added: schoepite(dehyd,0.9)  schoepite0.9
Name and alias added: schoepite(dehyd,1.0)  schoepite1.0
Name and alias added: uranophane(alpha)  uranophane(a
Name and alias added: un1.59(alpha)  un1.59(alpha
Name and alias added: un1.73(alpha)  un1.73(alpha
Name and alias added: uc1.94(alpha)  uc1.94(alpha
End reading alias database: alias.dbs
Open TOUGHREACT database success: tk-ureox2.3.dat
Begin reading TOUGHREACT database
Read head success.
Read temperature points success.
Number of termperature points:
           8
Temperatures:
  1.000000000000000E-002   25.0000000000000        60.0000000000000     
   100.000000000000        150.000000000000        200.000000000000     
   250.000000000000        300.000000000000     
Number of Species:
          35
Read species success
Read in data: h(acetate)(aq)
Read in data: h(lactate)(aq)
Read in data: h(pipes)(aq)
Read in data: co2(aq)
Read in data: co3--
Read in data: caco3(aq)
Read in data: cacl+
Read in data: cacl2(aq)
Read in data: caf+
Read in data: cahco3+
Read in data: cahsio3+
Read in data: cano3+
Read in data: caoh+
Read in data: caso4(aq)
Read in data: fe(co3)2--
Read in data: fe(oh)3-
Read in data: fe(oh)4--
Read in data: fe(so4)2-
Read in data: fe2(oh)2++++
Read in data: fe3(oh)4(5+)
Read in data: feco3(aq)
Read in data: fecl+
Read in data: fecl++
Read in data: fecl2(aq)
Read in data: fef+
Read in data: fef++
Read in data: fef2+
Read in data: fehco3+
Read in data: feno2++
Read in data: feno3++
Read in data: feo(aq)
Read in data: feo+
Read in data: feo2-
Read in data: feoh+
Read in data: feoh++
Read in data: fes(aq)
Read in data: feso4(aq)
Read in data: feso4+
Read in data: h2s(aq)
Read in data: h2so4(aq)
Read in data: hf(aq)
Read in data: hf2-
Read in data: hfeo2(aq)
Read in data: hfeo2-
Read in data: hno2(aq)
Read in data: hno3(aq)
Read in data: hso4-
Read in data: hsio3-
Read in data: kcl(aq)
Read in data: khso4(aq)
Read in data: koh(aq)
Read in data: kso4-
Read in data: mg4(oh)4++++
Read in data: mgco3(aq)
Read in data: mgcl+
Read in data: mgf+
Read in data: mghco3+
Read in data: mghsio3+
Read in data: mgoh+
Read in data: mgso4(aq)
Read in data: nh4+
Read in data: nh4so4-
Read in data: naco3-
Read in data: nacl(aq)
Read in data: naf(aq)
Read in data: nahco3(aq)
Read in data: nahsio3(aq)
Read in data: naoh(aq)
Read in data: naso4-
Read in data: oh-
Read in data: s--
Read in data: sif6--
Read in data: srco3(aq)
Read in data: srcl+
Read in data: srf+
Read in data: srhco3+
Read in data: srno3+
Read in data: sroh+
Read in data: srso4(aq)
Read in data: (uo2)11(co3)6(oh)12--
Read in data: (uo2)2(oh)2++
Read in data: (uo2)2co3(oh)3-
Read in data: (uo2)2oh+++
Read in data: (uo2)3(co3)6(6-)
Read in data: (uo2)3(oh)4++
Read in data: (uo2)3(oh)5+
Read in data: (uo2)3(oh)7-
Read in data: (uo2)3o(oh)2(hco3)+
Read in data: (uo2)4(oh)7+
Read in data: u(co3)4----
Read in data: u(co3)5(6-)
Read in data: u(no3)2++
Read in data: u(so4)2(aq)
Read in data: ucl+++
Read in data: uf+++
Read in data: uf2++
Read in data: uf3+
Read in data: uf4(aq)
Read in data: uf5-
Read in data: uf6--
Read in data: uno3+++
Read in data: uo2(so4)2--
Read in data: uo2cl+
Read in data: uo2cl2(aq)
Read in data: uo2f+
Read in data: uo2f2(aq)
Read in data: uo2f3-
Read in data: uo2f4--
Read in data: uo2no3+
Read in data: uo2osi(oh)3+
Read in data: uo2so4(aq)
Read in data: uo2oh+
Read in data: uo2(oh)2(aq)
Read in data: uo2(oh)3-
Read in data: uo2(oh)4--
Read in data: uoh+++
Read in data: u(oh)2++
Read in data: u(oh)3+
Read in data: u(oh)4(aq)
Read in data: uso4++
Read in data: uo2co3(aq)
Read in data: uo2(co3)2--
Read in data: uo2(co3)3----
Read in data: cauo2(co3)3--
Read in data: ca2uo2(co3)3
Read in data: uo2(co3)3(5-)
Read in data: uo2oh(aq)
Read in data: uo3-
Read in data: huo2(aq)
Read in data: uo+
Read in data: uo2-
Read in data: uoh++
Number of aqueous species:
         132
Number of redox reactions:
           0
Read aqueous species success
Read in data: afwillite
Read in data: akermanite
Read in data: allite (c3s)
Read in data: andradite
Read in data: anhydrite
Read in data: antarcticite
Read in data: anthophyllite
Read in data: antigorite
Read in data: antigorite(am)
Read in data: aphthitalite
Read in data: aragonite
Read in data: arcanite
Read in data: artinite
Read in data: bassanite
Read in data: becquerelite
Read in data: bellite (c2s)
Read in data: bischofite
Read in data: bloedite
Read in data: boltwoodite
Read in data: boltwoodite-na
Read in data: brucite
Read in data: burkeite
Read in data: ca2cl2(oh)2:h2o
Read in data: ca4cl2(oh)6:13h2o
Read in data: caso4:0.5h2o(beta)
Read in data: cauo4
Read in data: calcite
Read in data: carnallite
Read in data: celestite
Read in data: chalcedony
Read in data: chloromagnesite
Read in data: chrysotile
Read in data: coesite
Read in data: coffinite
Read in data: compreignacite
Read in data: cristobalite(alpha)
Read in data: cristobalite(beta)
Read in data: cronstedtite-7a
Read in data: csh:1.7
Read in data: dicalcium_silicate
Read in data: diopside
Read in data: dolomite
Read in data: dolomite-dis
Read in data: dolomite-ord
Read in data: enstatite
Read in data: epsomite
Read in data: fayalite
Read in data: fe(oh)2
Read in data: fe(oh)3
Read in data: fe2(so4)3
Read in data: fef2
Read in data: fef3
Read in data: feo
Read in data: ferrihydrite
Read in data: fes_m
Read in data: feso4
Read in data: ferrite-ca
Read in data: ferrite-dicalcium
Read in data: ferrite-mg
Read in data: ferroceladonite
Read in data: ferrosilite
Read in data: fluorite
Read in data: forsterite
Read in data: foshagite
Read in data: friedl_salt
Read in data: gaylussite
Read in data: glauberite
Read in data: goethite
Read in data: greenalite
Read in data: gypsum
Read in data: gyrolite
Read in data: halite
Read in data: hatrurite
Read in data: hedenbergite
Read in data: hematite
Read in data: hexahydrite
Read in data: hillebrandite
Read in data: huntite
Read in data: hydromagnesite
Read in data: hydrophilite
Read in data: ice
Read in data: jarosite
Read in data: jarosite-na
Read in data: k2co3:1.5h2o
Read in data: k2o
Read in data: k2uo4
Read in data: k3h(so4)2
Read in data: k8h4(co3)6:3h2o
Read in data: kmgcl3:2h2o
Read in data: knaco3:6h2o
Read in data: kainite
Read in data: kalicinite
Read in data: kieserite
Read in data: lansfordite
Read in data: larnite
Read in data: lawrencite
Read in data: leonite
Read in data: lime
Read in data: magnesite
Read in data: magnetite
Read in data: melanterite
Read in data: mercallite
Read in data: merwinite
Read in data: mgcl2:2h2o
Read in data: mgcl2:4h2o
Read in data: mgcl2:h2o
Read in data: mgohcl
Read in data: mgso4
Read in data: mguo4
Read in data: minnesotaite
Read in data: mirabilite
Read in data: misenite
Read in data: molysite
Read in data: monohydrocalcite
Read in data: monticellite
Read in data: na2co3
Read in data: na2co3:7h2o
Read in data: na2o
Read in data: na2sio3
Read in data: na2u2o7
Read in data: na2uo4(alpha)
Read in data: na3h(so4)2
Read in data: kogarkoite
Read in data: na4ca(so4)3:2h2o
Read in data: na4sio4
Read in data: na4uo2(co3)3
Read in data: na6si2o7
Read in data: nafeo2
Read in data: nahcolite
Read in data: natron
Read in data: natrosilite
Read in data: nesquehonite
Read in data: niter
Read in data: okenite
Read in data: oxychloride-mg
Read in data: pentahydrite
Read in data: periclase
Read in data: picromerite
Read in data: pirssonite
Read in data: plombierite
Read in data: polyhalite
Read in data: portlandite
Read in data: pseudowollastonite
Read in data: pyrite
Read in data: pyrrhotite
Read in data: quartz
Read in data: rankinite
Read in data: riversideite
Read in data: rutherfordine
Read in data: schoepite
Read in data: sellaite
Read in data: sepiolite
Read in data: sepiolite(am)
Read in data: sio2(am)
Read in data: siderite
Read in data: sklodowskite
Read in data: soddyite
Read in data: sr(no3)2
Read in data: sr(no3)2:4h2o
Read in data: sr(oh)2
Read in data: sr2sio4
Read in data: srcl2
Read in data: srcl2:2h2o
Read in data: srcl2:6h2o
Read in data: srcl2:h2o
Read in data: srf2
Read in data: sro
Read in data: srs
Read in data: srsio3
Read in data: sruo4(alpha)
Read in data: starkeyite
Read in data: strontianite
Read in data: sulfur
Read in data: sulfur1
Read in data: sulfur2
Read in data: sylvite
Read in data: syngenite
Read in data: tachyhydrite
Read in data: talc
Read in data: thenardite
Read in data: thermonatrite
Read in data: tobermorite
Read in data: tremolite
Read in data: tridymite
Read in data: troilite
Read in data: trona-k
Read in data: u(oh)2so4
Read in data: u(so4)2
Read in data: u(so4)2:4h2o
Read in data: u(so4)2:8h2o
Read in data: u2o3f6
Read in data: u3o5f8
Read in data: ucl2f2
Read in data: ucl3f
Read in data: ucl4
Read in data: ucl6
Read in data: uclf3
Read in data: uf4
Read in data: uf4:2.5h2o
Read in data: uf6
Read in data: uo2(no3)2
Read in data: uo2(no3)2:2h2o
Read in data: uo2(no3)2:3h2o
Read in data: uo2(no3)2:6h2o
Read in data: uo2(no3)2:h2o
Read in data: uo2(oh)2(beta)
Read in data: uo2cl2
Read in data: uo2cl2:3h2o
Read in data: uo2cl2:h2o
Read in data: uo2cloh:2h2o
Read in data: uo2f2
Read in data: uo2f2:3h2o
Read in data: uo2foh:2h2o
Read in data: uo2foh:h2o
Read in data: uo2so4
Read in data: uo2so4:2.5h2o
Read in data: uo2so4:3.5h2o
Read in data: uo2so4:3h2o
Read in data: uo3(alpha)
Read in data: uo3(beta)
Read in data: uo3(gamma)
Read in data: schoepite(dehyd,0.9)
Read in data: schoepite(dehyd,1.0)
Read in data: uocl2
Read in data: uof2
Read in data: uof2:h2o
Read in data: uof4
Read in data: uofoh
Read in data: us2
Read in data: us3
Read in data: uraninite
Read in data: uo2(am)
Read in data: uo2(10nm)
Read in data: uo2(5nm)
Read in data: uo2(3nm)
Read in data: uranophane(alpha)
Read in data: weeksite-k
Read in data: weeksite-na
Read in data: wollastonite
Read in data: wustite
Read in data: xonotlite
Read in data: (uo2)2cl3
Read in data: na3uo4
Read in data: nauo3
Read in data: u2f9
Read in data: u2o2cl5
Read in data: u4f17
Read in data: u5o12cl
Read in data: ucl5
Read in data: uf5(alpha)
Read in data: uf5(beta)
Read in data: un1.59(alpha)
Read in data: un1.73(alpha)
Read in data: uo2.25
Read in data: uo2.25(beta)
Read in data: uo2cl
Read in data: uocl3
Read in data: u2c3
Read in data: u2s3
Read in data: u3s5
Read in data: uc
Read in data: uc1.94(alpha)
Read in data: ucl3
Read in data: uf3
Read in data: uh3(beta)
Read in data: un
Read in data: uocl
Read in data: us
Read in data: us1.9
Number of minerals:
         269
Read minerals success
Read in data: co2(g)
Read in data: fecl2(g)
Read in data: fecl3(g)
Read in data: fef2(g)
Read in data: fef3(g)
Read in data: h2o(g)
Read in data: h2s(g)
Read in data: hcl(g)
Read in data: hf(g)
Read in data: hno3(g)
Read in data: nh3(g)
Read in data: no2(g)
Read in data: n2o3(g)
Read in data: n2o4(g)
Read in data: n2o5(g)
Read in data: o2(g)
Read in data: s2(g)
Read in data: sif4(g)
Read in data: u2cl8(g)
Read in data: ucl4(g)
Read in data: ucl6(g)
Read in data: uf4(g)
Read in data: uf6(g)
Read in data: uo2cl2(g)
Read in data: uo2f2(g)
Read in data: uo3(g)
Read in data: uof4(g)
Read in data: u2cl10(g)
Read in data: u2f10(g)
Read in data: ucl(g)
Read in data: ucl5(g)
Read in data: uf(g)
Read in data: uf5(g)
Read in data: ucl3(g)
Read in data: uf3(g)
Number of gases:
          35
Read gases success
Read in data: hfo_soh2+
Read in data: hfo_so-
Read in data: hfo_woh2+
Read in data: hfo_wo-
Read in data: hfo_sohca+2
Read in data: hfo_woca+
Read in data: hfo_womg+
Read in data: hfo_sso4-
Read in data: hfo_wso4-
Read in data: hfo_sohso4-2
Read in data: hfo_wohso4-2
Read in data: hfo_sofe+
Read in data: hfo_wofe+
Read in data: hfo_wofeoh
Read in data: hfo_ohhco3-
Read in data: hfo_ohh2co3
Read in data: hfo_ohuo2oh+
Read in data: (hfo_o)2(uo2)3(oh)5-
Read in data: (hfo_o)2(uo2)co3-2
Number of surface complexes:
          19
Read surface complexes success
End reading TOUGHREACT database
Start converting species
Convert species:h2o
Convert species:ca++
Convert species:cl-
Convert species:f-
Convert species:fe+++
Convert species:fe++
Alias used for : h+ to h+1
Convert species:h+1
Convert species:hco3-
Convert species:k+
Convert species:mg++
Convert species:nh3(aq)
Convert species:n2(aq)
Convert species:no2-
Convert species:no3-
Convert species:na+
Convert species:so4--
Convert species:hs-
Convert species:sio2(aq)
Convert species:sr++
Convert species:o2(aq)
Convert species:uo2++
Convert species:u++++
Convert species:uo2+
Convert species:u+++
Convert species:acetate-
Convert species:lactate-
Convert species:pipes-
Convert species:tr-so4br
Convert species:tr-febr
Convert species:tr-ur
Convert species:tr-fer
Convert species:tr-uox
Convert species:biomass
Convert species:hfo_soh
Convert species:hfo_woh
End converting species
Start converting aqueous species: complexation reactions and redox reactions
Alias used for : h(acetate)(aq) to h(acetate)(a
Alias used for : h+ to h+1
Convert complexation reaction: h(acetate)(a
Alias used for : h(lactate)(aq) to h(lactate)(a
Alias used for : h+ to h+1
Convert complexation reaction: h(lactate)(a
Alias used for : h+ to h+1
Convert complexation reaction: h(pipes)(aq)
Alias used for : h+ to h+1
Convert complexation reaction: co2(aq)
Alias used for : h+ to h+1
Convert complexation reaction: co3--
Alias used for : h+ to h+1
Convert complexation reaction: caco3(aq)
Convert complexation reaction: cacl+
Convert complexation reaction: cacl2(aq)
Convert complexation reaction: caf+
Convert complexation reaction: cahco3+
Alias used for : h+ to h+1
Convert complexation reaction: cahsio3+
Convert complexation reaction: cano3+
Alias used for : h+ to h+1
Convert complexation reaction: caoh+
Convert complexation reaction: caso4(aq)
Alias used for : h+ to h+1
Convert complexation reaction: fe(co3)2--
Alias used for : h+ to h+1
Convert complexation reaction: fe(oh)3-
Alias used for : h+ to h+1
Convert complexation reaction: fe(oh)4--
Convert complexation reaction: fe(so4)2-
Alias used for : h+ to h+1
Convert complexation reaction: fe2(oh)2++++
Alias used for : h+ to h+1
Convert complexation reaction: fe3(oh)4(5+)
Alias used for : h+ to h+1
Convert complexation reaction: feco3(aq)
Convert complexation reaction: fecl+
Convert complexation reaction: fecl++
Convert complexation reaction: fecl2(aq)
Convert complexation reaction: fef+
Convert complexation reaction: fef++
Convert complexation reaction: fef2+
Convert complexation reaction: fehco3+
Convert complexation reaction: feno2++
Convert complexation reaction: feno3++
Alias used for : h+ to h+1
Convert complexation reaction: feo(aq)
Alias used for : h+ to h+1
Convert complexation reaction: feo+
Alias used for : h+ to h+1
Convert complexation reaction: feo2-
Alias used for : h+ to h+1
Convert complexation reaction: feoh+
Alias used for : h+ to h+1
Convert complexation reaction: feoh++
Alias used for : h+ to h+1
Convert complexation reaction: fes(aq)
Convert complexation reaction: feso4(aq)
Convert complexation reaction: feso4+
Alias used for : h+ to h+1
Convert complexation reaction: h2s(aq)
Alias used for : h+ to h+1
Convert complexation reaction: h2so4(aq)
Alias used for : h+ to h+1
Convert complexation reaction: hf(aq)
Alias used for : h+ to h+1
Convert complexation reaction: hf2-
Alias used for : h+ to h+1
Convert complexation reaction: hfeo2(aq)
Alias used for : h+ to h+1
Convert complexation reaction: hfeo2-
Alias used for : h+ to h+1
Convert complexation reaction: hno2(aq)
Alias used for : h+ to h+1
Convert complexation reaction: hno3(aq)
Alias used for : h+ to h+1
Convert complexation reaction: hso4-
Alias used for : h+ to h+1
Convert complexation reaction: hsio3-
Convert complexation reaction: kcl(aq)
Alias used for : h+ to h+1
Convert complexation reaction: khso4(aq)
Alias used for : h+ to h+1
Convert complexation reaction: koh(aq)
Convert complexation reaction: kso4-
Alias used for : h+ to h+1
Convert complexation reaction: mg4(oh)4++++
Alias used for : h+ to h+1
Convert complexation reaction: mgco3(aq)
Convert complexation reaction: mgcl+
Convert complexation reaction: mgf+
Convert complexation reaction: mghco3+
Alias used for : h+ to h+1
Convert complexation reaction: mghsio3+
Alias used for : h+ to h+1
Convert complexation reaction: mgoh+
Convert complexation reaction: mgso4(aq)
Alias used for : h+ to h+1
Convert complexation reaction: nh4+
Alias used for : h+ to h+1
Convert complexation reaction: nh4so4-
Alias used for : h+ to h+1
Convert complexation reaction: naco3-
Convert complexation reaction: nacl(aq)
Convert complexation reaction: naf(aq)
Convert complexation reaction: nahco3(aq)
Alias used for : h+ to h+1
Convert complexation reaction: nahsio3(aq)
Alias used for : h+ to h+1
Convert complexation reaction: naoh(aq)
Convert complexation reaction: naso4-
Alias used for : h+ to h+1
Convert complexation reaction: oh-
Alias used for : h+ to h+1
Convert complexation reaction: s--
Alias used for : h+ to h+1
Convert complexation reaction: sif6--
Alias used for : h+ to h+1
Convert complexation reaction: srco3(aq)
Convert complexation reaction: srcl+
Convert complexation reaction: srf+
Convert complexation reaction: srhco3+
Convert complexation reaction: srno3+
Alias used for : h+ to h+1
Convert complexation reaction: sroh+
Convert complexation reaction: srso4(aq)
Alias used for : (uo2)11(co3)6(oh)12-- to (uo2)11(co3)
Alias used for : h+ to h+1
Convert complexation reaction: (uo2)11(co3)
Alias used for : (uo2)2(oh)2++ to (uo2)2(oh)2+
Alias used for : h+ to h+1
Convert complexation reaction: (uo2)2(oh)2+
Alias used for : (uo2)2co3(oh)3- to (uo2)2co3(oh
Alias used for : h+ to h+1
Convert complexation reaction: (uo2)2co3(oh
Alias used for : h+ to h+1
Convert complexation reaction: (uo2)2oh+++
Alias used for : (uo2)3(co3)6(6-) to (uo2)3(co3)6
Alias used for : h+ to h+1
Convert complexation reaction: (uo2)3(co3)6
Alias used for : (uo2)3(oh)4++ to (uo2)3(oh)4+
Alias used for : h+ to h+1
Convert complexation reaction: (uo2)3(oh)4+
Alias used for : h+ to h+1
Convert complexation reaction: (uo2)3(oh)5+
Alias used for : h+ to h+1
Convert complexation reaction: (uo2)3(oh)7-
Alias used for : (uo2)3o(oh)2(hco3)+ to (uo2)3o(oh)2
Alias used for : h+ to h+1
Convert complexation reaction: (uo2)3o(oh)2
Alias used for : h+ to h+1
Convert complexation reaction: (uo2)4(oh)7+
Alias used for : h+ to h+1
Convert complexation reaction: u(co3)4----
Alias used for : h+ to h+1
Convert complexation reaction: u(co3)5(6-)
Convert complexation reaction: u(no3)2++
Convert complexation reaction: u(so4)2(aq)
Convert complexation reaction: ucl+++
Convert complexation reaction: uf+++
Convert complexation reaction: uf2++
Convert complexation reaction: uf3+
Convert complexation reaction: uf4(aq)
Convert complexation reaction: uf5-
Convert complexation reaction: uf6--
Convert complexation reaction: uno3+++
Convert complexation reaction: uo2(so4)2--
Convert complexation reaction: uo2cl+
Convert complexation reaction: uo2cl2(aq)
Convert complexation reaction: uo2f+
Convert complexation reaction: uo2f2(aq)
Convert complexation reaction: uo2f3-
Convert complexation reaction: uo2f4--
Convert complexation reaction: uo2no3+
Alias used for : h+ to h+1
Convert complexation reaction: uo2osi(oh)3+
Convert complexation reaction: uo2so4(aq)
Alias used for : h+ to h+1
Convert complexation reaction: uo2oh+
Alias used for : h+ to h+1
Convert complexation reaction: uo2(oh)2(aq)
Alias used for : h+ to h+1
Convert complexation reaction: uo2(oh)3-
Alias used for : h+ to h+1
Convert complexation reaction: uo2(oh)4--
Alias used for : h+ to h+1
Convert complexation reaction: uoh+++
Alias used for : h+ to h+1
Convert complexation reaction: u(oh)2++
Alias used for : h+ to h+1
Convert complexation reaction: u(oh)3+
Alias used for : h+ to h+1
Convert complexation reaction: u(oh)4(aq)
Convert complexation reaction: uso4++
Alias used for : h+ to h+1
Convert complexation reaction: uo2co3(aq)
Alias used for : h+ to h+1
Convert complexation reaction: uo2(co3)2--
Alias used for : uo2(co3)3---- to uo2(co3)3---
Alias used for : h+ to h+1
Convert complexation reaction: uo2(co3)3---
Alias used for : cauo2(co3)3-- to cauo2(co3)3-
Alias used for : h+ to h+1
Convert complexation reaction: cauo2(co3)3-
Alias used for : h+ to h+1
Convert complexation reaction: ca2uo2(co3)3
Alias used for : uo2(co3)3(5-) to uo2(co3)3(5-
Alias used for : h+ to h+1
Convert complexation reaction: uo2(co3)3(5-
Alias used for : h+ to h+1
Convert complexation reaction: uo2oh(aq)
Alias used for : h+ to h+1
Convert complexation reaction: uo3-
Alias used for : h+ to h+1
Convert complexation reaction: huo2(aq)
Alias used for : h+ to h+1
Convert complexation reaction: uo+
Alias used for : h+ to h+1
Convert complexation reaction: uo2-
Alias used for : h+ to h+1
Convert complexation reaction: uoh++
End converting aqueous species: complexation reactions and redox reactions
Start converting gases
Alias used for : h+ to h+1
Convert gas: co2(g)
Convert gas: fecl2(g)
Convert gas: fecl3(g)
Convert gas: fef2(g)
Convert gas: fef3(g)
Convert gas: h2o(g)
Alias used for : h+ to h+1
Convert gas: h2s(g)
Alias used for : h+ to h+1
Convert gas: hcl(g)
Alias used for : h+ to h+1
Convert gas: hf(g)
Alias used for : h+ to h+1
Convert gas: hno3(g)
Convert gas: nh3(g)
Alias used for : h+ to h+1
Convert gas: no2(g)
Alias used for : h+ to h+1
Convert gas: n2o3(g)
Alias used for : h+ to h+1
Convert gas: n2o4(g)
Alias used for : h+ to h+1
Convert gas: n2o5(g)
Convert gas: o2(g)
Alias used for : h+ to h+1
Convert gas: s2(g)
Alias used for : h+ to h+1
Convert gas: sif4(g)
Convert gas: u2cl8(g)
Convert gas: ucl4(g)
Alias used for : h+ to h+1
Convert gas: ucl6(g)
Convert gas: uf4(g)
Alias used for : h+ to h+1
Convert gas: uf6(g)
Convert gas: uo2cl2(g)
Convert gas: uo2f2(g)
Alias used for : h+ to h+1
Convert gas: uo3(g)
Alias used for : h+ to h+1
Convert gas: uof4(g)
Alias used for : h+ to h+1
Convert gas: u2cl10(g)
Alias used for : h+ to h+1
Convert gas: u2f10(g)
Convert gas: ucl(g)
Alias used for : h+ to h+1
Convert gas: ucl5(g)
Convert gas: uf(g)
Alias used for : h+ to h+1
Convert gas: uf5(g)
Convert gas: ucl3(g)
Convert gas: uf3(g)
Start converting minerals
Alias used for : h+ to h+1
Convert minerals: afwillite
Alias used for : h+ to h+1
Convert minerals: akermanite
Alias used for : h+ to h+1
Convert minerals: allite (c3s)
Alias used for : h+ to h+1
Convert minerals: andradite
Convert minerals: anhydrite
Convert minerals: antarcticite
Alias used for : anthophyllite to anthophyllit
Alias used for : h+ to h+1
Convert minerals: anthophyllit
Alias used for : h+ to h+1
Convert minerals: antigorite
Alias used for : antigorite(am) to antigorite(a
Alias used for : h+ to h+1
Convert minerals: antigorite(a
Convert minerals: aphthitalite
Alias used for : h+ to h+1
Convert minerals: aragonite
Convert minerals: arcanite
Alias used for : h+ to h+1
Convert minerals: artinite
Convert minerals: bassanite
Alias used for : h+ to h+1
Convert minerals: becquerelite
Alias used for : bellite (c2s) to bellite (c2s
Alias used for : h+ to h+1
Convert minerals: bellite (c2s
Convert minerals: bischofite
Convert minerals: bloedite
Alias used for : h+ to h+1
Convert minerals: boltwoodite
Alias used for : boltwoodite-na to boltwoodite-
Alias used for : h+ to h+1
Convert minerals: boltwoodite-
Alias used for : h+ to h+1
Convert minerals: brucite
Alias used for : h+ to h+1
Convert minerals: burkeite
Alias used for : ca2cl2(oh)2:h2o to ca2cl2(oh)2:
Alias used for : h+ to h+1
Convert minerals: ca2cl2(oh)2:
Alias used for : ca4cl2(oh)6:13h2o to ca4cl2(oh)6:
Alias used for : h+ to h+1
Convert minerals: ca4cl2(oh)6:
Alias used for : caso4:0.5h2o(beta) to caso4:0.5h2o
Convert minerals: caso4:0.5h2o
Alias used for : h+ to h+1
Convert minerals: cauo4
Alias used for : h+ to h+1
Convert minerals: calcite
Convert minerals: carnallite
Convert minerals: celestite
Convert minerals: chalcedony
Alias used for : chloromagnesite to chloromagnes
Convert minerals: chloromagnes
Alias used for : h+ to h+1
Convert minerals: chrysotile
Convert minerals: coesite
Alias used for : h+ to h+1
Convert minerals: coffinite
Alias used for : compreignacite to compreignaci
Alias used for : h+ to h+1
Convert minerals: compreignaci
Alias used for : cristobalite(alpha) to cristobali_a
Convert minerals: cristobali_a
Alias used for : cristobalite(beta) to cristobali_b
Convert minerals: cristobali_b
Alias used for : cronstedtite-7a to cronstedtite
Alias used for : h+ to h+1
Convert minerals: cronstedtite
Alias used for : h+ to h+1
Convert minerals: csh:1.7
Alias used for : dicalcium_silicate to dicalcium_si
Alias used for : h+ to h+1
Convert minerals: dicalcium_si
Alias used for : h+ to h+1
Convert minerals: diopside
Alias used for : h+ to h+1
Convert minerals: dolomite
Alias used for : h+ to h+1
Convert minerals: dolomite-dis
Alias used for : h+ to h+1
Convert minerals: dolomite-ord
Alias used for : h+ to h+1
Convert minerals: enstatite
Convert minerals: epsomite
Alias used for : h+ to h+1
Convert minerals: fayalite
Alias used for : h+ to h+1
Convert minerals: fe(oh)2
Alias used for : h+ to h+1
Convert minerals: fe(oh)3
Convert minerals: fe2(so4)3
Convert minerals: fef2
Convert minerals: fef3
Alias used for : h+ to h+1
Convert minerals: feo
Alias used for : h+ to h+1
Convert minerals: ferrihydrite
Alias used for : h+ to h+1
Convert minerals: fes_m
Convert minerals: feso4
Alias used for : h+ to h+1
Convert minerals: ferrite-ca
Alias used for : ferrite-dicalcium to ferrite-dica
Alias used for : h+ to h+1
Convert minerals: ferrite-dica
Alias used for : h+ to h+1
Convert minerals: ferrite-mg
Alias used for : ferroceladonite to ferroceladon
Alias used for : h+ to h+1
Convert minerals: ferroceladon
Alias used for : h+ to h+1
Convert minerals: ferrosilite
Convert minerals: fluorite
Alias used for : h+ to h+1
Convert minerals: forsterite
Alias used for : h+ to h+1
Convert minerals: foshagite
Alias used for : h+ to h+1
Convert minerals: friedl_salt
Alias used for : h+ to h+1
Convert minerals: gaylussite
Convert minerals: glauberite
Alias used for : h+ to h+1
Convert minerals: goethite
Alias used for : h+ to h+1
Convert minerals: greenalite
Convert minerals: gypsum
Alias used for : h+ to h+1
Convert minerals: gyrolite
Convert minerals: halite
Alias used for : h+ to h+1
Convert minerals: hatrurite
Alias used for : h+ to h+1
Convert minerals: hedenbergite
Alias used for : h+ to h+1
Convert minerals: hematite
Convert minerals: hexahydrite
Alias used for : hillebrandite to hillebrandit
Alias used for : h+ to h+1
Convert minerals: hillebrandit
Alias used for : h+ to h+1
Convert minerals: huntite
Alias used for : hydromagnesite to hydromagnesi
Alias used for : h+ to h+1
Convert minerals: hydromagnesi
Convert minerals: hydrophilite
Convert minerals: ice
Alias used for : h+ to h+1
Convert minerals: jarosite
Alias used for : h+ to h+1
Convert minerals: jarosite-na
Alias used for : h+ to h+1
Convert minerals: k2co3:1.5h2o
Alias used for : h+ to h+1
Convert minerals: k2o
Alias used for : h+ to h+1
Convert minerals: k2uo4
Alias used for : h+ to h+1
Convert minerals: k3h(so4)2
Alias used for : k8h4(co3)6:3h2o to k8h4(co3)6:3
Alias used for : h+ to h+1
Convert minerals: k8h4(co3)6:3
Convert minerals: kmgcl3:2h2o
Alias used for : h+ to h+1
Convert minerals: knaco3:6h2o
Convert minerals: kainite
Convert minerals: kalicinite
Convert minerals: kieserite
Alias used for : h+ to h+1
Convert minerals: lansfordite
Alias used for : h+ to h+1
Convert minerals: larnite
Convert minerals: lawrencite
Convert minerals: leonite
Alias used for : h+ to h+1
Convert minerals: lime
Alias used for : h+ to h+1
Convert minerals: magnesite
Alias used for : h+ to h+1
Convert minerals: magnetite
Convert minerals: melanterite
Alias used for : h+ to h+1
Convert minerals: mercallite
Alias used for : h+ to h+1
Convert minerals: merwinite
Convert minerals: mgcl2:2h2o
Convert minerals: mgcl2:4h2o
Convert minerals: mgcl2:h2o
Alias used for : h+ to h+1
Convert minerals: mgohcl
Convert minerals: mgso4
Alias used for : h+ to h+1
Convert minerals: mguo4
Alias used for : h+ to h+1
Convert minerals: minnesotaite
Convert minerals: mirabilite
Alias used for : h+ to h+1
Convert minerals: misenite
Convert minerals: molysite
Alias used for : monohydrocalcite to monohydrocal
Alias used for : h+ to h+1
Convert minerals: monohydrocal
Alias used for : h+ to h+1
Convert minerals: monticellite
Alias used for : h+ to h+1
Convert minerals: na2co3
Alias used for : h+ to h+1
Convert minerals: na2co3:7h2o
Alias used for : h+ to h+1
Convert minerals: na2o
Alias used for : h+ to h+1
Convert minerals: na2sio3
Alias used for : h+ to h+1
Convert minerals: na2u2o7
Alias used for : na2uo4(alpha) to na2uo4(alpha
Alias used for : h+ to h+1
Convert minerals: na2uo4(alpha
Alias used for : h+ to h+1
Convert minerals: na3h(so4)2
Convert minerals: kogarkoite
Alias used for : na4ca(so4)3:2h2o to na4ca(so4)3:
Convert minerals: na4ca(so4)3:
Alias used for : h+ to h+1
Convert minerals: na4sio4
Alias used for : h+ to h+1
Convert minerals: na4uo2(co3)3
Alias used for : h+ to h+1
Convert minerals: na6si2o7
Alias used for : h+ to h+1
Convert minerals: nafeo2
Convert minerals: nahcolite
Alias used for : h+ to h+1
Convert minerals: natron
Alias used for : h+ to h+1
Convert minerals: natrosilite
Alias used for : h+ to h+1
Convert minerals: nesquehonite
Convert minerals: niter
Alias used for : h+ to h+1
Convert minerals: okenite
Alias used for : oxychloride-mg to oxychloride-
Alias used for : h+ to h+1
Convert minerals: oxychloride-
Convert minerals: pentahydrite
Alias used for : h+ to h+1
Convert minerals: periclase
Convert minerals: picromerite
Alias used for : h+ to h+1
Convert minerals: pirssonite
Alias used for : h+ to h+1
Convert minerals: plombierite
Convert minerals: polyhalite
Alias used for : h+ to h+1
Convert minerals: portlandite
Alias used for : pseudowollastonite to pseudowollas
Alias used for : h+ to h+1
Convert minerals: pseudowollas
Alias used for : h+ to h+1
Convert minerals: pyrite
Alias used for : h+ to h+1
Convert minerals: pyrrhotite
Convert minerals: quartz
Alias used for : h+ to h+1
Convert minerals: rankinite
Alias used for : h+ to h+1
Convert minerals: riversideite
Alias used for : rutherfordine to rutherfordin
Alias used for : h+ to h+1
Convert minerals: rutherfordin
Alias used for : h+ to h+1
Convert minerals: schoepite
Convert minerals: sellaite
Alias used for : h+ to h+1
Convert minerals: sepiolite
Alias used for : sepiolite(am) to sepiolite(am
Alias used for : h+ to h+1
Convert minerals: sepiolite(am
Convert minerals: sio2(am)
Alias used for : h+ to h+1
Convert minerals: siderite
Alias used for : h+ to h+1
Convert minerals: sklodowskite
Alias used for : h+ to h+1
Convert minerals: soddyite
Convert minerals: sr(no3)2
Alias used for : sr(no3)2:4h2o to sr(no3)2:4h2
Convert minerals: sr(no3)2:4h2
Alias used for : h+ to h+1
Convert minerals: sr(oh)2
Alias used for : h+ to h+1
Convert minerals: sr2sio4
Convert minerals: srcl2
Convert minerals: srcl2:2h2o
Convert minerals: srcl2:6h2o
Convert minerals: srcl2:h2o
Convert minerals: srf2
Alias used for : h+ to h+1
Convert minerals: sro
Alias used for : h+ to h+1
Convert minerals: srs
Alias used for : h+ to h+1
Convert minerals: srsio3
Alias used for : h+ to h+1
Convert minerals: sruo4(alpha)
Convert minerals: starkeyite
Alias used for : h+ to h+1
Convert minerals: strontianite
Alias used for : h+ to h+1
Convert minerals: sulfur
Alias used for : h+ to h+1
Convert minerals: sulfur1
Alias used for : h+ to h+1
Convert minerals: sulfur2
Convert minerals: sylvite
Convert minerals: syngenite
Convert minerals: tachyhydrite
Alias used for : h+ to h+1
Convert minerals: talc
Convert minerals: thenardite
Alias used for : thermonatrite to thermonatrit
Alias used for : h+ to h+1
Convert minerals: thermonatrit
Alias used for : h+ to h+1
Convert minerals: tobermorite
Alias used for : h+ to h+1
Convert minerals: tremolite
Convert minerals: tridymite
Alias used for : h+ to h+1
Convert minerals: troilite
Alias used for : h+ to h+1
Convert minerals: trona-k
Alias used for : h+ to h+1
Convert minerals: u(oh)2so4
Convert minerals: u(so4)2
Convert minerals: u(so4)2:4h2o
Convert minerals: u(so4)2:8h2o
Alias used for : h+ to h+1
Convert minerals: u2o3f6
Alias used for : h+ to h+1
Convert minerals: u3o5f8
Convert minerals: ucl2f2
Convert minerals: ucl3f
Convert minerals: ucl4
Alias used for : h+ to h+1
Convert minerals: ucl6
Convert minerals: uclf3
Convert minerals: uf4
Convert minerals: uf4:2.5h2o
Alias used for : h+ to h+1
Convert minerals: uf6
Convert minerals: uo2(no3)2
Alias used for : uo2(no3)2:2h2o to uo2(no3)2:2h
Convert minerals: uo2(no3)2:2h
Alias used for : uo2(no3)2:3h2o to uo2(no3)2:3h
Convert minerals: uo2(no3)2:3h
Alias used for : uo2(no3)2:6h2o to uo2(no3)2:6h
Convert minerals: uo2(no3)2:6h
Alias used for : uo2(no3)2:h2o to uo2(no3)2:h2
Convert minerals: uo2(no3)2:h2
Alias used for : uo2(oh)2(beta) to uo2(oh)2(bet
Alias used for : h+ to h+1
Convert minerals: uo2(oh)2(bet
Convert minerals: uo2cl2
Convert minerals: uo2cl2:3h2o
Convert minerals: uo2cl2:h2o
Alias used for : h+ to h+1
Convert minerals: uo2cloh:2h2o
Convert minerals: uo2f2
Convert minerals: uo2f2:3h2o
Alias used for : h+ to h+1
Convert minerals: uo2foh:2h2o
Alias used for : h+ to h+1
Convert minerals: uo2foh:h2o
Convert minerals: uo2so4
Alias used for : uo2so4:2.5h2o to uo2so4:2.5h2
Convert minerals: uo2so4:2.5h2
Alias used for : uo2so4:3.5h2o to uo2so4:3.5h2
Convert minerals: uo2so4:3.5h2
Convert minerals: uo2so4:3h2o
Alias used for : h+ to h+1
Convert minerals: uo3(alpha)
Alias used for : h+ to h+1
Convert minerals: uo3(beta)
Alias used for : h+ to h+1
Convert minerals: uo3(gamma)
Alias used for : schoepite(dehyd,0.9) to schoepite0.9
Alias used for : h+ to h+1
Convert minerals: schoepite0.9
Alias used for : schoepite(dehyd,1.0) to schoepite1.0
Alias used for : h+ to h+1
Convert minerals: schoepite1.0
Alias used for : h+ to h+1
Convert minerals: uocl2
Alias used for : h+ to h+1
Convert minerals: uof2
Alias used for : h+ to h+1
Convert minerals: uof2:h2o
Alias used for : h+ to h+1
Convert minerals: uof4
Alias used for : h+ to h+1
Convert minerals: uofoh
Alias used for : h+ to h+1
Convert minerals: us2
Alias used for : h+ to h+1
Convert minerals: us3
Alias used for : h+ to h+1
Convert minerals: uraninite
Alias used for : h+ to h+1
Convert minerals: uo2(am)
Alias used for : h+ to h+1
Convert minerals: uo2(10nm)
Alias used for : h+ to h+1
Convert minerals: uo2(5nm)
Alias used for : h+ to h+1
Convert minerals: uo2(3nm)
Alias used for : uranophane(alpha) to uranophane(a
Alias used for : h+ to h+1
Convert minerals: uranophane(a
Alias used for : h+ to h+1
Convert minerals: weeksite-k
Alias used for : h+ to h+1
Convert minerals: weeksite-na
Alias used for : h+ to h+1
Convert minerals: wollastonite
Alias used for : h+ to h+1
Convert minerals: wustite
Alias used for : h+ to h+1
Convert minerals: xonotlite
Convert minerals: (uo2)2cl3
Alias used for : h+ to h+1
Convert minerals: na3uo4
Alias used for : h+ to h+1
Convert minerals: nauo3
Alias used for : h+ to h+1
Convert minerals: u2f9
Convert minerals: u2o2cl5
Alias used for : h+ to h+1
Convert minerals: u4f17
Alias used for : h+ to h+1
Convert minerals: u5o12cl
Alias used for : h+ to h+1
Convert minerals: ucl5
Alias used for : h+ to h+1
Convert minerals: uf5(alpha)
Alias used for : h+ to h+1
Convert minerals: uf5(beta)
Alias used for : un1.59(alpha) to un1.59(alpha
Alias used for : h+ to h+1
Convert minerals: un1.59(alpha
Alias used for : un1.73(alpha) to un1.73(alpha
Alias used for : h+ to h+1
Convert minerals: un1.73(alpha
Alias used for : h+ to h+1
Convert minerals: uo2.25
Alias used for : h+ to h+1
Convert minerals: uo2.25(beta)
Convert minerals: uo2cl
Alias used for : h+ to h+1
Convert minerals: uocl3
Alias used for : h+ to h+1
Convert minerals: u2c3
Alias used for : h+ to h+1
Convert minerals: u2s3
Alias used for : h+ to h+1
Convert minerals: u3s5
Alias used for : h+ to h+1
Convert minerals: uc
Alias used for : uc1.94(alpha) to uc1.94(alpha
Alias used for : h+ to h+1
Convert minerals: uc1.94(alpha
Convert minerals: ucl3
Convert minerals: uf3
Alias used for : h+ to h+1
Convert minerals: uh3(beta)
Alias used for : h+ to h+1
Convert minerals: un
Alias used for : h+ to h+1
Convert minerals: uocl
Alias used for : h+ to h+1
Convert minerals: us
Alias used for : h+ to h+1
Convert minerals: us1.9
Open min3p database success: comp.dbs
Open min3p database success: complex.dbs
Open min3p database success: redox.dbs
Open min3p database success: gases.dbs
Open min3p database success: mineral.dbs
Write min3p database success: comp.dbs
Write min3p database success: complex.dbs
Write min3p database success: redox.dbs
Write min3p database success: gases.dbs
Write min3p database success: mineral.dbs
Open/Create name truncation file success:name_truncation.txt
Write name truncation: name_truncation.txt
End writing name truncation.
Number of truncated names:
           0
Warnings:           0
Errors:             0
