 
  ************************** CRUNCH ******************************
  ************************ VERSION 1.0 ***************************
 
                      Author:  C.I. STEEFEL 
  COPYRIGHT (c) 2000. The Regents of the University of California. 
                       All Rights Reserved 
 
  ****************************************************************
  This work was produced at the University of California, Lawrence 
  Livermore National Laboratory (UC LLNL) under contract no. W-7405-ENG-48 
  (Contract 48) between the U.S. Department of Energy (DOE) and The Regents 
  of the University of California (University) for the operation of UC LLNL. 
  Copyright is reserved to the University for purposes of controlled dissem- 
  ination, commercialization through formal licensing, or other disposition 
  under terms of Contract 48; DOE policies, regulations and orders; and U.S. 
  statutes. The rights of the Federal Government are reserved under Contract 
  48 subject to the restrictions agreed upon by the DOE and University as 
  allowed under DOE Acquisition Letter 97-1. 
 
                                DISCLAIMER                            
  This work was prepared as an account of work sponsored by an agency of the
  United States Government. Neither the United States Government nor the 
  University of California nor any of their employees, makes any warranty, 
  express or implied, or assumes any liability or responsibility for the 
  accuracy, completeness, or usefulness of any information, apparatus, product,
  or process disclosed, or represents that its use would not infringe 
  privately-owned rights.  Reference herein to any specific commercial products,
  process, or service by trade name, trademark, manufacturer or otherwise does 
  not necessarily constitute or imply its endorsement, recommendation, or 
  favoring by the United States Government or the University of California. 
  The views and opinions of authors expressed herein do not necessarily state 
  or reflect those of the United States Government or the University of 
  California, and shall not be used for advertising or product endorsement 
  purposes. 
  ****************************************************************
 
 
  Cas reference  1D radial verre-fer-argilite calculs avec CRUNCH version 
 
 
 
   ---> Using database: base_crunchv8cc25k_sid.dbs                                                                          
 
 
 Number of components =                    16
 
  1 H+                
  2 Na+               
  3 Ca++              
  4 Cl-               
  5 SO4--             
  6 H4SiO4(aq)        
  7 HCO3-             
  8 Mg++              
  9 Fe++              
 10 Al+++             
 11 K+                
 12 Sr++              
 13 B(OH)3(aq)        
 14 O2(aq)            
 15 TracerI           
 16 TracerV           
 
 Number of secondary species in input file =           75
 
  1 Fe+++             
  2 H2(aq)            
  3 HS-               
  4 H2S(aq)           
  5 OH-               
  6 CO3--             
  7 CO2(aq)           
  8 B(OH)4-           
  9 NaB(OH)4(aq)      
 10 Al(OH)2+          
 11 AlH3SiO4++        
 12 AlO2-             
 13 AlOH++            
 14 AlSO4+            
 15 Ca(HCO3)+         
 16 CaCl+             
 17 CaCl2(aq)         
 18 CaCO3(aq)         
 19 CaOH+             
 20 CaSO4(aq)         
 21 Fe(CO3)2--        
 22 FeCl+             
 23 FeCl2(aq)         
 24 FeCO3(aq)         
 25 FeCO3OH-          
 26 FeHCO3+           
 27 FeO               
 28 FeO2--            
 29 FeOH+             
 30 FeSO4(aq)         
 31 H2SiO4--          
 32 HAlO2(aq)         
 33 HCl(aq)           
 34 HFeO2-            
 35 HSiO3-            
 36 HSO4-             
 37 KAlO2(aq)         
 38 KCl(aq)           
 39 KOH(aq)           
 40 KSO4-             
 41 Mg(HCO3)+         
 42 Mg4(OH)4++++      
 43 MgCl+             
 44 MgCO3(aq)         
 45 MgOH+             
 46 MgSO4(aq)         
 47 NaAlO2(aq)        
 48 NaCl(aq)          
 49 NaCO3-            
 50 NaHCO3(aq)        
 51 NaOH(aq)          
 52 NaSO4-            
 53 Si2O2(OH)5-       
 54 Si2O3(OH)4--      
 55 Si3O5(OH)5---     
 56 Si3O6(OH)3---     
 57 Si4O12H4----      
 58 Si4O6(OH)6--      
 59 Si4O7(OH)6----    
 60 Si4O8(OH)4----    
 61 Si6O15------      
 62 Sr(CO3)(aq)       
 63 Sr(HCO3)+         
 64 SrCl+             
 65 SrOH+             
 66 SrSO4(aq)         
 67 Fe(CO3)2-         
 68 FeCl++            
 69 FeCl2+            
 70 FeCO3+            
 71 FeO+              
 72 FeO2-             
 73 FeOH++            
 74 FeSO4+            
 75 HFeO2(aq)         
 
 Number of gases in input file =                4
 
  1 CO2(g)            
  2 H2(g)             
  3 O2(g)             
  4 H2S(g)            
 
 
 Number of kinetic minerals =           53
 
 
  Using database file: base_crunchv8cc25k_sid.dbs
 
  temperature interpolation coefficients
                  ln(T+Tk)        1         T+Tk      (T+Tk)**-1   (t+tk)**-2
 
    HOMOGENEOUS REACTIONS
 
 Species         log K         Stoichiometric Coefficients
                            H+     Na+    Ca++   Cl-    SO4--  H4SiO4 HCO3-  Mg++   Fe++   Al+++  K+     Sr++   B(OH)3 O2(aq) Tracer Tracer 
 Fe+++        -5.3393E+00   1.00   0.00   0.00   0.00   0.00   0.00   0.00   0.00   1.00   0.00   0.00   0.00   0.00   0.25   0.00   0.00
 H2(aq)        3.7251E+01   0.00   0.00   0.00   0.00   0.00   0.00   0.00   0.00   0.00   0.00   0.00   0.00   0.00  -0.50   0.00   0.00
 HS-           1.1051E+02   1.00   0.00   0.00   0.00   1.00   0.00   0.00   0.00   0.00   0.00   0.00   0.00   0.00  -2.00   0.00   0.00
 H2S(aq)       1.0399E+02   2.00   0.00   0.00   0.00   1.00   0.00   0.00   0.00   0.00   0.00   0.00   0.00   0.00  -2.00   0.00   0.00
 OH-           1.2433E+01  -1.00   0.00   0.00   0.00   0.00   0.00   0.00   0.00   0.00   0.00   0.00   0.00   0.00   0.00   0.00   0.00
 CO3--         1.0083E+01  -1.00   0.00   0.00   0.00   0.00   0.00   1.00   0.00   0.00   0.00   0.00   0.00   0.00   0.00   0.00   0.00
 CO2(aq)      -6.3557E+00   1.00   0.00   0.00   0.00   0.00   0.00   1.00   0.00   0.00   0.00   0.00   0.00   0.00   0.00   0.00   0.00
 B(OH)4-       8.9542E+00  -1.00   0.00   0.00   0.00   0.00   0.00   0.00   0.00   0.00   0.00   0.00   0.00   1.00   0.00   0.00   0.00
 NaB(OH)4(aq)  8.5963E+00  -1.00   1.00   0.00   0.00   0.00   0.00   0.00   0.00   0.00   0.00   0.00   0.00   1.00   0.00   0.00   0.00
 Al(OH)2+      7.3901E+00  -2.00   0.00   0.00   0.00   0.00   0.00   0.00   0.00   0.00   1.00   0.00   0.00   0.00   0.00   0.00   0.00
 AlH3SiO4++    1.7377E-01  -1.00   0.00   0.00   0.00   0.00   1.00   0.00   0.00   0.00   1.00   0.00   0.00   0.00   0.00   0.00   0.00
 AlO2-         1.7264E+01  -4.00   0.00   0.00   0.00   0.00   0.00   0.00   0.00   0.00   1.00   0.00   0.00   0.00   0.00   0.00   0.00
 AlOH++        3.2823E+00  -1.00   0.00   0.00   0.00   0.00   0.00   0.00   0.00   0.00   1.00   0.00   0.00   0.00   0.00   0.00   0.00
 AlSO4+       -4.4641E+00   0.00   0.00   0.00   0.00   1.00   0.00   0.00   0.00   0.00   1.00   0.00   0.00   0.00   0.00   0.00   0.00
 Ca(HCO3)+    -1.1288E+00   0.00   0.00   1.00   0.00   0.00   0.00   1.00   0.00   0.00   0.00   0.00   0.00   0.00   0.00   0.00   0.00
 CaCl+        -1.3658E-01   0.00   0.00   1.00   1.00   0.00   0.00   0.00   0.00   0.00   0.00   0.00   0.00   0.00   0.00   0.00   0.00
 CaCl2(aq)     4.6416E-01   0.00   0.00   1.00   2.00   0.00   0.00   0.00   0.00   0.00   0.00   0.00   0.00   0.00   0.00   0.00   0.00
 CaCO3(aq)     6.2164E+00  -1.00   0.00   1.00   0.00   0.00   0.00   1.00   0.00   0.00   0.00   0.00   0.00   0.00   0.00   0.00   0.00
 CaOH+         1.0393E+01  -1.00   0.00   1.00   0.00   0.00   0.00   0.00   0.00   0.00   0.00   0.00   0.00   0.00   0.00   0.00   0.00
 CaSO4(aq)    -2.5920E+00   0.00   0.00   1.00   0.00   1.00   0.00   0.00   0.00   0.00   0.00   0.00   0.00   0.00   0.00   0.00   0.00
 Fe(CO3)2--    1.0452E+01  -2.00   0.00   0.00   0.00   0.00   0.00   2.00   0.00   1.00   0.00   0.00   0.00   0.00   0.00   0.00   0.00
 FeCl+        -1.0377E-01   0.00   0.00   0.00   1.00   0.00   0.00   0.00   0.00   1.00   0.00   0.00   0.00   0.00   0.00   0.00   0.00
 FeCl2(aq)     4.7850E+00   0.00   0.00   0.00   2.00   0.00   0.00   0.00   0.00   1.00   0.00   0.00   0.00   0.00   0.00   0.00   0.00
 FeCO3(aq)     4.3059E+00  -1.00   0.00   0.00   0.00   0.00   0.00   1.00   0.00   1.00   0.00   0.00   0.00   0.00   0.00   0.00   0.00
 FeCO3OH-      1.4358E+01  -2.00   0.00   0.00   0.00   0.00   0.00   1.00   0.00   1.00   0.00   0.00   0.00   0.00   0.00   0.00   0.00
 FeHCO3+      -1.6046E+00   0.00   0.00   0.00   0.00   0.00   0.00   1.00   0.00   1.00   0.00   0.00   0.00   0.00   0.00   0.00   0.00
 FeO           1.6888E+01  -2.00   0.00   0.00   0.00   0.00   0.00   0.00   0.00   1.00   0.00   0.00   0.00   0.00   0.00   0.00   0.00
 FeO2--        4.6300E+01  -4.00   0.00   0.00   0.00   0.00   0.00   0.00   0.00   1.00   0.00   0.00   0.00   0.00   0.00   0.00   0.00
 FeOH+         7.7609E+00  -1.00   0.00   0.00   0.00   0.00   0.00   0.00   0.00   1.00   0.00   0.00   0.00   0.00   0.00   0.00   0.00
 FeSO4(aq)    -2.5264E+00   0.00   0.00   0.00   0.00   1.00   0.00   0.00   0.00   1.00   0.00   0.00   0.00   0.00   0.00   0.00   0.00
 H2SiO4--      2.1185E+01  -2.00   0.00   0.00   0.00   0.00   1.00   0.00   0.00   0.00   0.00   0.00   0.00   0.00   0.00   0.00   0.00
 HAlO2(aq)     1.1764E+01  -3.00   0.00   0.00   0.00   0.00   0.00   0.00   0.00   0.00   1.00   0.00   0.00   0.00   0.00   0.00   0.00
 HCl(aq)       8.2824E-01   1.00   0.00   0.00   1.00   0.00   0.00   0.00   0.00   0.00   0.00   0.00   0.00   0.00   0.00   0.00   0.00
 HFeO2-        2.7520E+01  -3.00   0.00   0.00   0.00   0.00   0.00   0.00   0.00   1.00   0.00   0.00   0.00   0.00   0.00   0.00   0.00
 HSiO3-        9.0923E+00  -1.00   0.00   0.00   0.00   0.00   1.00   0.00   0.00   0.00   0.00   0.00   0.00   0.00   0.00   0.00   0.00
 HSO4-        -2.9239E+00   1.00   0.00   0.00   0.00   1.00   0.00   0.00   0.00   0.00   0.00   0.00   0.00   0.00   0.00   0.00   0.00
 KAlO2(aq)     1.7616E+01  -4.00   0.00   0.00   0.00   0.00   0.00   0.00   0.00   0.00   1.00   1.00   0.00   0.00   0.00   0.00   0.00
 KCl(aq)       2.4561E-01   0.00   0.00   0.00   1.00   0.00   0.00   0.00   0.00   0.00   0.00   1.00   0.00   0.00   0.00   0.00   0.00
 KOH(aq)       1.2458E+01  -1.00   0.00   0.00   0.00   0.00   0.00   0.00   0.00   0.00   0.00   1.00   0.00   0.00   0.00   0.00   0.00
 KSO4-        -1.1447E+00   0.00   0.00   0.00   0.00   1.00   0.00   0.00   0.00   0.00   0.00   1.00   0.00   0.00   0.00   0.00   0.00
 Mg(HCO3)+    -1.3443E+00   0.00   0.00   0.00   0.00   0.00   0.00   1.00   1.00   0.00   0.00   0.00   0.00   0.00   0.00   0.00   0.00
 Mg4(OH)4++++  3.2818E+01  -4.00   0.00   0.00   0.00   0.00   0.00   0.00   4.00   0.00   0.00   0.00   0.00   0.00   0.00   0.00   0.00
 MgCl+        -5.0470E-01   0.00   0.00   0.00   1.00   0.00   0.00   0.00   1.00   0.00   0.00   0.00   0.00   0.00   0.00   0.00   0.00
 MgCO3(aq)     6.6561E+00  -1.00   0.00   0.00   0.00   0.00   0.00   1.00   1.00   0.00   0.00   0.00   0.00   0.00   0.00   0.00   0.00
 MgOH+         9.6631E+00  -1.00   0.00   0.00   0.00   0.00   0.00   0.00   1.00   0.00   0.00   0.00   0.00   0.00   0.00   0.00   0.00
 MgSO4(aq)    -2.5786E+00   0.00   0.00   0.00   0.00   1.00   0.00   0.00   1.00   0.00   0.00   0.00   0.00   0.00   0.00   0.00   0.00
 NaAlO2(aq)    1.7583E+01  -4.00   1.00   0.00   0.00   0.00   0.00   0.00   0.00   0.00   1.00   0.00   0.00   0.00   0.00   0.00   0.00
 NaCl(aq)      3.3356E-01   0.00   1.00   0.00   1.00   0.00   0.00   0.00   0.00   0.00   0.00   0.00   0.00   0.00   0.00   0.00   0.00
 NaCO3-        7.4381E+00  -1.00   1.00   0.00   0.00   0.00   0.00   1.00   0.00   0.00   0.00   0.00   0.00   0.00   0.00   0.00   0.00
 NaHCO3(aq)    6.2085E-01   0.00   1.00   0.00   0.00   0.00   0.00   1.00   0.00   0.00   0.00   0.00   0.00   0.00   0.00   0.00   0.00
 NaOH(aq)      1.3056E+01  -1.00   1.00   0.00   0.00   0.00   0.00   0.00   0.00   0.00   0.00   0.00   0.00   0.00   0.00   0.00   0.00
 NaSO4-       -1.0417E+00   0.00   1.00   0.00   0.00   1.00   0.00   0.00   0.00   0.00   0.00   0.00   0.00   0.00   0.00   0.00   0.00
 Si2O2(OH)5-   8.5000E+00  -1.00   0.00   0.00   0.00   0.00   2.00   0.00   0.00   0.00   0.00   0.00   0.00   0.00   0.00   0.00   0.00
 Si2O3(OH)4--  1.9400E+01  -2.00   0.00   0.00   0.00   0.00   2.00   0.00   0.00   0.00   0.00   0.00   0.00   0.00   0.00   0.00   0.00
 Si3O5(OH)5--  2.9400E+01  -3.00   0.00   0.00   0.00   0.00   3.00   0.00   0.00   0.00   0.00   0.00   0.00   0.00   0.00   0.00   0.00
 Si3O6(OH)3--  2.9400E+01  -3.00   0.00   0.00   0.00   0.00   3.00   0.00   0.00   0.00   0.00   0.00   0.00   0.00   0.00   0.00   0.00
 Si4O12H4----  3.9200E+01  -4.00   0.00   0.00   0.00   0.00   4.00   0.00   0.00   0.00   0.00   0.00   0.00   0.00   0.00   0.00   0.00
 Si4O6(OH)6--  1.5200E+01  -2.00   0.00   0.00   0.00   0.00   4.00   0.00   0.00   0.00   0.00   0.00   0.00   0.00   0.00   0.00   0.00
 Si4O7(OH)6--  3.9100E+01  -4.00   0.00   0.00   0.00   0.00   4.00   0.00   0.00   0.00   0.00   0.00   0.00   0.00   0.00   0.00   0.00
 Si4O8(OH)4--  3.9100E+01  -4.00   0.00   0.00   0.00   0.00   4.00   0.00   0.00   0.00   0.00   0.00   0.00   0.00   0.00   0.00   0.00
 Si6O15------  6.1500E+01  -6.00   0.00   0.00   0.00   0.00   6.00   0.00   0.00   0.00   0.00   0.00   0.00   0.00   0.00   0.00   0.00
 Sr(CO3)(aq)   6.4195E+00  -1.00   0.00   0.00   0.00   0.00   0.00   1.00   0.00   0.00   0.00   0.00   1.00   0.00   0.00   0.00   0.00
 Sr(HCO3)+    -2.2095E+00   0.00   0.00   0.00   0.00   0.00   0.00   1.00   0.00   0.00   0.00   0.00   1.00   0.00   0.00   0.00   0.00
 SrCl+        -1.9272E-01   0.00   0.00   0.00   1.00   0.00   0.00   0.00   0.00   0.00   0.00   0.00   1.00   0.00   0.00   0.00   0.00
 SrOH+         1.0761E+01  -1.00   0.00   0.00   0.00   0.00   0.00   0.00   0.00   0.00   0.00   0.00   1.00   0.00   0.00   0.00   0.00
 SrSO4(aq)    -2.5848E+00   0.00   0.00   0.00   0.00   1.00   0.00   0.00   0.00   0.00   0.00   0.00   1.00   0.00   0.00   0.00   0.00
 Fe(CO3)2-    -4.2859E+00  -1.00   0.00   0.00   0.00   0.00   0.00   2.00   0.00   1.00   0.00   0.00   0.00   0.00   0.25   0.00   0.00
 FeCl++       -7.1427E+00   1.00   0.00   0.00   1.00   0.00   0.00   0.00   0.00   1.00   0.00   0.00   0.00   0.00   0.25   0.00   0.00
 FeCl2+       -8.9907E+00   1.00   0.00   0.00   2.00   0.00   0.00   0.00   0.00   1.00   0.00   0.00   0.00   0.00   0.25   0.00   0.00
 FeCO3+       -4.7326E+00   0.00   0.00   0.00   0.00   0.00   0.00   1.00   0.00   1.00   0.00   0.00   0.00   0.00   0.25   0.00   0.00
 FeO+         -1.7465E+00  -1.00   0.00   0.00   0.00   0.00   0.00   0.00   0.00   1.00   0.00   0.00   0.00   0.00   0.25   0.00   0.00
 FeO2-         1.2349E+01  -3.00   0.00   0.00   0.00   0.00   0.00   0.00   0.00   1.00   0.00   0.00   0.00   0.00   0.25   0.00   0.00
 FeOH++       -4.4793E+00   0.00   0.00   0.00   0.00   0.00   0.00   0.00   0.00   1.00   0.00   0.00   0.00   0.00   0.25   0.00   0.00
 FeSO4+       -1.0585E+01   1.00   0.00   0.00   0.00   1.00   0.00   0.00   0.00   1.00   0.00   0.00   0.00   0.00   0.25   0.00   0.00
 HFeO2(aq)     4.2926E+00  -2.00   0.00   0.00   0.00   0.00   0.00   0.00   0.00   1.00   0.00   0.00   0.00   0.00   0.25   0.00   0.00
 
      MINERAL REACTIONS
 
 Mineral         log K         Stoichiometric Coefficients
                            H+     Na+    Ca++   Cl-    SO4--  H4SiO4 HCO3-  Mg++   Fe++   Al+++  K+     Sr++   B(OH)3 O2(aq) Tracer Tracer 
 Amorphous_si -2.2825E+00   0.00   0.00   0.00   0.00   0.00   1.00   0.00   0.00   0.00   0.00   0.00   0.00   0.00   0.00   0.00   0.00
 Anhydrite    -5.3455E+00   0.00   0.00   1.00   0.00   1.00   0.00   0.00   0.00   0.00   0.00   0.00   0.00   0.00   0.00   0.00   0.00
 Calcite       9.1507E-01  -1.00   0.00   1.00   0.00   0.00   0.00   1.00   0.00   0.00   0.00   0.00   0.00   0.00   0.00   0.00   0.00
 Calcite       9.1507E-01  -1.00   0.00   1.00   0.00   0.00   0.00   1.00   0.00   0.00   0.00   0.00   0.00   0.00   0.00   0.00   0.00
 Celestite    -7.0486E+00   0.00   0.00   0.00   0.00   1.00   0.00   0.00   0.00   0.00   0.00   0.00   1.00   0.00   0.00   0.00   0.00
 Chalcedony   -2.8386E+00   0.00   0.00   0.00   0.00   0.00   1.00   0.00   0.00   0.00   0.00   0.00   0.00   0.00   0.00   0.00   0.00
 Clinochlore_  4.8893E+01 -16.00   0.00   0.00   0.00   0.00   3.00   0.00   5.00   0.00   2.00   0.00   0.00   0.00   0.00   0.00   0.00
 Cronstedtite -2.6710E+00  -8.00   0.00   0.00   0.00   0.00   1.00   0.00   0.00   4.00   0.00   0.00   0.00   0.00   0.50   0.00   0.00
 CJ4-Glass     9.9000E+01  -1.11   0.43   0.10   0.00   0.00   1.00   0.00   0.00   0.05   0.13   0.00   0.00   0.53   0.01   0.00   1.00
 Daphnite_14A  3.4283E+01 -16.00   0.00   0.00   0.00   0.00   3.00   0.00   0.00   5.00   2.00   0.00   0.00   0.00   0.00   0.00   0.00
 Dolomite      1.2356E+00  -2.00   0.00   1.00   0.00   0.00   0.00   2.00   1.00   0.00   0.00   0.00   0.00   0.00   0.00   0.00   0.00
 Dolomite      1.2356E+00  -2.00   0.00   1.00   0.00   0.00   0.00   2.00   1.00   0.00   0.00   0.00   0.00   0.00   0.00   0.00   0.00
 Ettringite    4.4688E+01 -12.00   0.00   6.00   0.00   3.00   0.00   0.00   0.00   0.00   2.00   0.00   0.00   0.00   0.00   0.00   0.00
 Ettringite_F  3.2880E+01 -10.00   0.00   6.00   0.00   3.00   0.00   0.00   0.00   2.00   0.00   0.00   0.00   0.00   0.50   0.00   0.00
 Fe-SaponiteC  1.3664E+01  -7.36   0.00   0.17   0.00   0.00   3.66   0.00   0.00   3.00   0.34   0.00   0.00   0.00   0.00   0.00   0.00
 Fe-SaponiteN  1.2482E+01  -7.32   0.33   0.00   0.00   0.00   3.67   0.00   0.00   3.00   0.33   0.00   0.00   0.00   0.00   0.00   0.00
 Fe-SaponiteK  1.2260E+01  -7.32   0.00   0.00   0.00   0.00   3.67   0.00   0.00   3.00   0.33   0.33   0.00   0.00   0.00   0.00   0.00
 Fe-SaponiteM  1.3018E+01  -7.36   0.00   0.00   0.00   0.00   3.66   0.00   0.17   3.00   0.34   0.00   0.00   0.00   0.00   0.00   0.00
 Fe-Montmoril -9.6399E-01  -6.04   0.00   0.17   0.00   0.00   3.99   0.00   0.00   0.33   1.68   0.00   0.00   0.00   0.00   0.00   0.00
 Fe-Montmoril -2.2814E+00  -6.00   0.33   0.00   0.00   0.00   4.00   0.00   0.00   0.33   1.67   0.00   0.00   0.00   0.00   0.00   0.00
 Fe-Montmoril -1.5855E+00  -6.04   0.00   0.00   0.00   0.00   3.99   0.00   0.17   0.33   1.68   0.00   0.00   0.00   0.00   0.00   0.00
 Fe-Montmoril -2.5665E+00  -6.00   0.00   0.00   0.00   0.00   4.00   0.00   0.00   0.33   1.67   0.33   0.00   0.00   0.00   0.00   0.00
 Greenalite    1.7725E+01  -6.00   0.00   0.00   0.00   0.00   2.00   0.00   0.00   3.00   0.00   0.00   0.00   0.00   0.00   0.00   0.00
 Goethite_B   -7.0739E+00  -2.00   0.00   0.00   0.00   0.00   0.00   0.00   0.00   1.00   0.00   0.00   0.00   0.00   0.25   0.00   0.00
 Gypsum       -4.9185E+00   0.00   0.00   1.00   0.00   1.00   0.00   0.00   0.00   0.00   0.00   0.00   0.00   0.00   0.00   0.00   0.00
 Illite-FeII   3.0645E+00  -8.40   0.00   0.00   0.00   0.00   3.40   0.00   0.00   0.25   2.35   0.85   0.00   0.00   0.00   0.00   0.00
 Illite-FeIII  1.1985E+00  -9.15   0.00   0.00   0.00   0.00   3.15   0.00   0.00   0.25   2.60   0.85   0.00   0.00   0.06   0.00   0.00
 Illite-Mg     3.5153E+00  -8.40   0.00   0.00   0.00   0.00   3.40   0.00   0.25   0.00   2.35   0.85   0.00   0.00   0.00   0.00   0.00
 Iron          5.0180E+01  -2.00   0.00   0.00   0.00   0.00   0.00   0.00   0.00   1.00   0.00   0.00   0.00   0.00  -0.50   1.00   0.00
 Kaolinite_B   1.8902E+00  -6.00   0.00   0.00   0.00   0.00   2.00   0.00   0.00   0.00   2.00   0.00   0.00   0.00   0.00   0.00   0.00
 Kaolinite_B   1.8902E+00  -6.00   0.00   0.00   0.00   0.00   2.00   0.00   0.00   0.00   2.00   0.00   0.00   0.00   0.00   0.00   0.00
 Kaolinite_B   1.8902E+00  -6.00   0.00   0.00   0.00   0.00   2.00   0.00   0.00   0.00   2.00   0.00   0.00   0.00   0.00   0.00   0.00
 Magnetite,be -6.3695E+00  -6.00   0.00   0.00   0.00   0.00   0.00   0.00   0.00   3.00   0.00   0.00   0.00   0.00   0.50   0.00   0.00
 Microcline   -1.7406E+00  -4.00   0.00   0.00   0.00   0.00   3.00   0.00   0.00   0.00   1.00   1.00   0.00   0.00   0.00   0.00   0.00
 Mg-Montmoril -1.7104E+00  -6.00   0.33   0.00   0.00   0.00   4.00   0.00   0.33   0.00   1.67   0.00   0.00   0.00   0.00   0.00   0.00
 Mg-Montmoril -1.7104E+00  -6.00   0.33   0.00   0.00   0.00   4.00   0.00   0.33   0.00   1.67   0.00   0.00   0.00   0.00   0.00   0.00
 Mg-Montmoril -1.7104E+00  -6.00   0.33   0.00   0.00   0.00   4.00   0.00   0.33   0.00   1.67   0.00   0.00   0.00   0.00   0.00   0.00
 Mg-Montmoril -1.9955E+00  -6.00   0.00   0.00   0.00   0.00   4.00   0.00   0.33   0.00   1.67   0.33   0.00   0.00   0.00   0.00   0.00
 Mg-Montmoril -1.0129E+00  -6.04   0.00   0.00   0.00   0.00   3.99   0.00   0.50   0.00   1.68   0.00   0.00   0.00   0.00   0.00   0.00
 Mg-Montmo-Ca -1.7053E+00  -6.04   0.00   0.17   0.00   0.00   3.99   0.00   0.33   0.00   1.68   0.00   0.00   0.00   0.00   0.00   0.00
 Mg-Montmo-Ca -1.7053E+00  -6.04   0.00   0.17   0.00   0.00   3.99   0.00   0.33   0.00   1.68   0.00   0.00   0.00   0.00   0.00   0.00
 Mg-Montmo-Ca -1.7053E+00  -6.04   0.00   0.17   0.00   0.00   3.99   0.00   0.33   0.00   1.68   0.00   0.00   0.00   0.00   0.00   0.00
 Nontronite-C -1.8694E+01  -5.36   0.00   0.17   0.00   0.00   3.66   0.00   0.00   2.00   0.34   0.00   0.00   0.00   0.50   0.00   0.00
 Nontronite-K -2.0088E+01  -5.32   0.00   0.00   0.00   0.00   3.67   0.00   0.00   2.00   0.33   0.33   0.00   0.00   0.50   0.00   0.00
 Nontronite-M -1.9340E+01  -5.36   0.00   0.00   0.00   0.00   3.66   0.00   0.17   2.00   0.34   0.00   0.00   0.00   0.50   0.00   0.00
 Nontronite-N -1.9866E+01  -5.32   0.33   0.00   0.00   0.00   3.67   0.00   0.00   2.00   0.33   0.00   0.00   0.00   0.50   0.00   0.00
 Pyrite        1.7220E+02   2.00   0.00   0.00   0.00   2.00   0.00   0.00   0.00   1.00   0.00   0.00   0.00   0.00  -3.50   0.00   0.00
 Pyrite        1.7220E+02   2.00   0.00   0.00   0.00   2.00   0.00   0.00   0.00   1.00   0.00   0.00   0.00   0.00  -3.50   0.00   0.00
 Pyrrhotite,a  1.0624E+02   0.00   0.00   0.00   0.00   1.00   0.00   0.00   0.00   1.00   0.00   0.00   0.00   0.00  -2.00   0.00   0.00
 Quartz_alpha -3.0729E+00   0.00   0.00   0.00   0.00   0.00   1.00   0.00   0.00   0.00   0.00   0.00   0.00   0.00   0.00   0.00   0.00
 Saponite-Mg   2.1629E+01  -7.36   0.00   0.00   0.00   0.00   3.66   0.00   3.17   0.00   0.34   0.00   0.00   0.00   0.00   0.00   0.00
 Saponite-Na   2.1085E+01  -7.32   0.33   0.00   0.00   0.00   3.67   0.00   3.00   0.00   0.33   0.00   0.00   0.00   0.00   0.00   0.00
 Saponite-K    2.0863E+01  -7.32   0.00   0.00   0.00   0.00   3.67   0.00   3.00   0.00   0.33   0.33   0.00   0.00   0.00   0.00   0.00
 Saponite-Ca   2.2275E+01  -7.36   0.00   0.17   0.00   0.00   3.66   0.00   3.00   0.00   0.34   0.00   0.00   0.00   0.00   0.00   0.00
 Sideritelt   -1.5114E+00  -1.00   0.00   0.15   0.00   0.00   0.00   1.00   0.00   0.85   0.00   0.00   0.00   0.00   0.00   0.00   0.00
 Siderite     -1.4423E+00  -1.00   0.00   0.00   0.00   0.00   0.00   1.00   0.00   1.00   0.00   0.00   0.00   0.00   0.00   0.00   0.00
 Huntite       3.0541E+01  -4.00   0.00   1.00   0.00   0.00   0.00   4.00   3.00   0.00   0.00   0.00   0.00   0.00   0.00   0.00   0.00
 Sepiolite     2.6032E+01  -8.00   0.00   0.00   0.00   0.00   6.00   0.00   4.00   0.00   0.00   0.00   0.00   0.00   0.00   0.00   0.00
 Minnesotaite  1.0453E+01  -6.00   0.00   0.00   0.00   0.00   4.00   0.00   0.00   3.00   0.00   0.00   0.00   0.00   0.00   0.00   0.00
 Brucite       1.3579E+01  -2.00   0.00   0.00   0.00   0.00   0.00   0.00   1.00   0.00   0.00   0.00   0.00   0.00   0.00   0.00   0.00
 Gyrolite      1.8587E+01  -4.00   0.00   2.00   0.00   0.00   3.00   0.00   0.00   0.00   0.00   0.00   0.00   0.00   0.00   0.00   0.00
 MineralH2_45  3.5821E+01   0.00   0.00   0.00   0.00   0.00   0.00   0.00   0.00   0.00   0.00   0.00   0.00   0.00  -0.50   0.00   0.00
 
     GAS REACTIONS
 
 Gases           log K         Stoichiometric Coefficients
                            H+     Na+    Ca++   Cl-    SO4--  H4SiO4 HCO3-  Mg++   Fe++   Al+++  K+     Sr++   B(OH)3 O2(aq) Tracer Tracer 
 CO2(g)       -8.2944E+00   1.00   0.00   0.00   0.00   0.00   0.00   1.00   0.00   0.00   0.00   0.00   0.00   0.00   0.00   0.00   0.00
 H2(g)         3.4168E+01   0.00   0.00   0.00   0.00   0.00   0.00   0.00   0.00   0.00   0.00   0.00   0.00   0.00  -0.50   0.00   0.00
 O2(g)        -3.1091E+00   0.00   0.00   0.00   0.00   0.00   0.00   0.00   0.00   0.00   0.00   0.00   0.00   0.00   1.00   0.00   0.00
 H2S(g)        1.0253E+02   2.00   0.00   0.00   0.00   1.00   0.00   0.00   0.00   0.00   0.00   0.00   0.00   0.00  -2.00   0.00   0.00
 
  ***KINETIC INPUTS***
 
   MINERAL
 
 
  ******  GEOCHEMICAL CONDITIONS INPUT  ******
 
 Number of geochemical conditions specified =            3
 
  Condition Label: glass_solution
 
 
  Primary species    itype     guess      Total conc.  Constraint phase
  H+                   7    3.1477E-07    0.0000E+00                       
  Na+                  1    7.2530E-02    7.2530E-02                       
  Ca++                 1    2.8840E-03    2.8840E-03                       
  Cl-                  2    1.0000E-06    0.0000E+00                       
  SO4--                1    1.8200E-02    1.8200E-02                       
  H4SiO4(aq)           1    8.4780E-04    8.4780E-04                       
  HCO3-                1    8.5440E-03    8.5440E-03                       
  Mg++                 1    7.4170E-04    7.4170E-04                       
  Fe++                 1    4.5530E-06    4.5530E-06                       
  Al+++                1    7.4780E-08    7.4780E-08                       
  K+                   1    5.0850E-03    5.0850E-03                       
  Sr++                 1    9.9460E-05    9.9460E-05                       
  B(OH)3(aq)           1    1.0000E-15    1.0000E-15                       
  O2(aq)               3    1.0000E-15    0.0000E+00     Pyrite            
  TracerI              1    1.0000E-25    1.0000E-25                       
  TracerV              1    1.0000E-05    1.0000E-05                       
 
  Porosity for this chemical condition =   0.1100
 
 
 
  Condition Label: canister_solution
 
 
  Primary species    itype     guess      Total conc.  Constraint phase
  H+                   7    3.1477E-07    0.0000E+00                       
  Na+                  1    7.2530E-02    7.2530E-02                       
  Ca++                 1    2.8840E-03    2.8840E-03                       
  Cl-                  2    1.0000E-06    0.0000E+00                       
  SO4--                1    1.8200E-02    1.8200E-02                       
  H4SiO4(aq)           1    8.4780E-04    8.4780E-04                       
  HCO3-                1    8.5440E-03    8.5440E-03                       
  Mg++                 1    7.4170E-04    7.4170E-04                       
  Fe++                 1    4.5530E-06    4.5530E-06                       
  Al+++                1    7.4780E-08    7.4780E-08                       
  K+                   1    5.0850E-03    5.0850E-03                       
  Sr++                 1    9.9460E-05    9.9460E-05                       
  B(OH)3(aq)           1    1.0000E-15    1.0000E-15                       
  O2(aq)               3    1.0000E-15    0.0000E+00     Pyrite            
  TracerI              1    1.0000E-05    1.0000E-05                       
  TracerV              1    1.0000E-25    1.0000E-25                       
 
  Porosity for this chemical condition =   0.3300
 
 
 
  Condition Label: clay_solution
 
 
  Primary species    itype     guess      Total conc.  Constraint phase
  H+                   7    3.1477E-07    0.0000E+00                       
  Na+                  1    7.2530E-02    7.2530E-02                       
  Ca++                 1    2.8840E-03    2.8840E-03                       
  Cl-                  2    1.0000E-06    0.0000E+00                       
  SO4--                1    1.8200E-02    1.8200E-02                       
  H4SiO4(aq)           1    8.4780E-04    8.4780E-04                       
  HCO3-                1    8.5440E-03    8.5440E-03                       
  Mg++                 1    7.4170E-04    7.4170E-04                       
  Fe++                 1    4.5530E-06    4.5530E-06                       
  Al+++                1    7.4780E-08    7.4780E-08                       
  K+                   1    5.0850E-03    5.0850E-03                       
  Sr++                 1    9.9460E-05    9.9460E-05                       
  B(OH)3(aq)           1    1.0000E-15    1.0000E-15                       
  O2(aq)               3    1.0000E-15    0.0000E+00     Pyrite            
  TracerI              1    1.0000E-25    1.0000E-25                       
  TracerV              1    1.0000E-25    1.0000E-25                       
 
  Porosity for this chemical condition =   0.1807
 
 
 
   ********  SPECIATION OF GEOCHEMICAL CONDITIONS  ********
 
 
 *********************************************
  ---> GEOCHEMICAL CONDITION: glass_solution
 
  Temperature (C)         =     90.000
  Porosity                =      0.110
  Liquid Saturation       =      1.000
  Liquid Density (kg/m^3) =   1000.000
  Solid Density (kg/m^3)  =   2760.681
  Solid:Solution Ratio    =  22336.416
  Ionic Strength          =      0.094
  Solution pH             =      6.502
  Solution pe             =     -2.641
  Solution Eh (volts)     =     -0.190
  Total Charge            = -3.144E-18
 
 Total Aqueous Concentrations of Primary Species  
 --------------------------------------- 
 
  Species               Molality     Constraint    Constraint Phase 
 H+                   2.8436E-03     Activity                        
 Na+                  7.2530E-02     Total                           
 Ca++                 2.8840E-03     Total                           
 Cl-                  4.2974E-02     Charge                          
 SO4--                1.8200E-02     Total                           
 H4SiO4(aq)           8.4780E-04     Total                           
 HCO3-                8.5440E-03     Total                           
 Mg++                 7.4170E-04     Total                           
 Fe++                 4.5530E-06     Total                           
 Al+++                7.4780E-08     Total                           
 K+                   5.0850E-03     Total                           
 Sr++                 9.9460E-05     Total                           
 B(OH)3(aq)           1.0000E-15     Total                           
 O2(aq)              -1.9603E-07     Mineral       Pyrite            
 TracerI              1.0000E-25     Total                           
 TracerV              1.0000E-05     Total                           
 
 Concentrations of Individual Species, Exchangers, and Surface Complexes 
 ----------------------------------------------------------------------- 
 
                           Log        Log                                 Activity
 Species              Molality   Activity      Molality      Activity   Coefficient    Type
  H+                    -6.414     -6.502     3.858E-07     3.148E-07     8.159E-01  Aqueous 
  Na+                   -1.164     -1.286     6.854E-02     5.171E-02     7.545E-01  Aqueous 
  Ca++                  -2.755     -3.192     1.759E-03     6.426E-04     3.654E-01  Aqueous 
  Cl-                   -1.375     -1.508     4.212E-02     3.106E-02     7.372E-01  Aqueous 
  SO4--                 -1.873     -2.375     1.340E-02     4.218E-03     3.147E-01  Aqueous 
  H4SiO4(aq)            -3.073     -3.064     8.448E-04     8.633E-04     1.022E+00  Aqueous 
  HCO3-                 -2.261     -2.384     5.479E-03     4.134E-03     7.545E-01  Aqueous 
  Mg++                  -3.372     -3.759     4.248E-04     1.742E-04     4.101E-01  Aqueous 
  Fe++                  -5.614     -6.051     2.433E-06     8.889E-07     3.654E-01  Aqueous 
  Al+++                -15.202    -16.031     6.273E-16     9.300E-17     1.482E-01  Aqueous 
  K+                    -2.323     -2.456     4.751E-03     3.503E-03     7.372E-01  Aqueous 
  Sr++                  -4.273     -4.740     5.337E-05     1.819E-05     3.408E-01  Aqueous 
  B(OH)3(aq)           -15.002    -14.993     9.949E-16     1.017E-15     1.022E+00  Aqueous 
  O2(aq)               -56.010    -56.001     9.767E-57     9.980E-57     1.022E+00  Aqueous 
  TracerI              -25.000    -24.991     1.000E-25     1.022E-25     1.022E+00  Aqueous 
  TracerV               -5.000     -4.991     1.000E-05     1.022E-05     1.022E+00  Aqueous 
  Fe+++                -20.385    -21.214     4.121E-21     6.109E-22     1.482E-01  Aqueous 
  H2(aq)                -9.260     -9.251     5.490E-10     5.610E-10     1.022E+00  Aqueous 
  HS-                   -7.256     -7.383     5.549E-08     4.140E-08     7.461E-01  Aqueous 
  H2S(aq)               -7.373     -7.363     4.239E-08     4.331E-08     1.022E+00  Aqueous 
  OH-                   -5.804     -5.931     1.570E-06     1.171E-06     7.461E-01  Aqueous 
  CO3--                 -5.480     -5.965     3.308E-06     1.085E-06     3.279E-01  Aqueous 
  CO2(aq)               -2.539     -2.530     2.889E-03     2.952E-03     1.022E+00  Aqueous 
  B(OH)4-              -17.327    -17.445     4.708E-18     3.589E-18     7.623E-01  Aqueous 
  NaB(OH)4(aq)         -18.383    -18.374     4.140E-19     4.231E-19     1.022E+00  Aqueous 
  Al(OH)2+             -10.295    -10.418     5.067E-11     3.823E-11     7.545E-01  Aqueous 
  AlH3SiO4++           -12.283    -12.767     5.213E-13     1.710E-13     3.279E-01  Aqueous 
  AlO2-                 -7.165     -7.287     6.837E-08     5.159E-08     7.545E-01  Aqueous 
  AlOH++               -12.328    -12.812     4.703E-13     1.542E-13     3.279E-01  Aqueous 
  AlSO4+               -13.824    -13.942     1.498E-14     1.142E-14     7.623E-01  Aqueous 
  Ca(HCO3)+             -4.329     -4.447     4.688E-05     3.574E-05     7.623E-01  Aqueous 
  CaCl+                 -4.441     -4.563     3.623E-05     2.733E-05     7.545E-01  Aqueous 
  CaCl2(aq)             -6.681     -6.672     2.083E-07     2.129E-07     1.022E+00  Aqueous 
  CaCO3(aq)             -5.299     -5.290     5.018E-06     5.128E-06     1.022E+00  Aqueous 
  CaOH+                 -6.960     -7.083     1.096E-07     8.267E-08     7.545E-01  Aqueous 
  CaSO4(aq)             -2.984     -2.975     1.037E-03     1.059E-03     1.022E+00  Aqueous 
  Fe(CO3)2--            -7.782     -8.266     1.652E-08     5.417E-09     3.279E-01  Aqueous 
  FeCl+                 -7.333     -7.455     4.646E-08     3.506E-08     7.545E-01  Aqueous 
  FeCl2(aq)            -13.861    -13.852     1.376E-14     1.406E-14     1.022E+00  Aqueous 
  FeCO3(aq)             -6.248     -6.239     5.649E-07     5.773E-07     1.022E+00  Aqueous 
  FeCO3OH-              -9.671     -9.788     2.135E-10     1.628E-10     7.623E-01  Aqueous 
  FeHCO3+               -6.712     -6.830     1.940E-07     1.479E-07     7.623E-01  Aqueous 
  FeO                   -9.945     -9.935     1.136E-10     1.160E-10     1.022E+00  Aqueous 
  FeO2--               -25.841    -26.343     1.442E-26     4.538E-27     3.147E-01  Aqueous 
  FeOH+                 -7.188     -7.310     6.491E-08     4.898E-08     7.545E-01  Aqueous 
  FeSO4(aq)             -5.909     -5.900     1.233E-06     1.260E-06     1.022E+00  Aqueous 
  H2SiO4--             -10.761    -11.245     1.734E-11     5.688E-12     3.279E-01  Aqueous 
  HAlO2(aq)             -8.299     -8.289     5.027E-09     5.137E-09     1.022E+00  Aqueous 
  HCl(aq)               -8.847     -8.838     1.421E-09     1.452E-09     1.022E+00  Aqueous 
  HFeO2-               -13.947    -14.065     1.130E-14     8.612E-15     7.623E-01  Aqueous 
  HSiO3-                -5.532     -5.654     2.939E-06     2.218E-06     7.545E-01  Aqueous 
  HSO4-                 -5.831     -5.953     1.477E-06     1.114E-06     7.545E-01  Aqueous 
  KAlO2(aq)            -10.104    -10.095     7.868E-11     8.040E-11     1.022E+00  Aqueous 
  KCl(aq)               -4.218     -4.209     6.047E-05     6.179E-05     1.022E+00  Aqueous 
  KOH(aq)               -8.421     -8.412     3.794E-09     3.877E-09     1.022E+00  Aqueous 
  KSO4-                 -3.563     -3.686     2.733E-04     2.062E-04     7.545E-01  Aqueous 
  Mg(HCO3)+             -4.680     -4.798     2.087E-05     1.591E-05     7.623E-01  Aqueous 
  Mg4(OH)4++++         -20.026    -21.846     9.426E-21     1.426E-22     1.513E-02  Aqueous 
  MgCl+                 -4.640     -4.762     2.292E-05     1.729E-05     7.545E-01  Aqueous 
  MgCO3(aq)             -6.306     -6.297     4.943E-07     5.051E-07     1.022E+00  Aqueous 
  MgOH+                 -6.802     -6.920     1.577E-07     1.202E-07     7.623E-01  Aqueous 
  MgSO4(aq)             -3.565     -3.555     2.725E-04     2.784E-04     1.022E+00  Aqueous 
  NaAlO2(aq)            -8.903     -8.893     1.251E-09     1.278E-09     1.022E+00  Aqueous 
  NaCl(aq)              -3.137     -3.128     7.291E-04     7.450E-04     1.022E+00  Aqueous 
  NaCO3-                -4.488     -4.606     3.249E-05     2.476E-05     7.623E-01  Aqueous 
  NaHCO3(aq)            -4.300     -4.291     5.008E-05     5.118E-05     1.022E+00  Aqueous 
  NaOH(aq)              -7.850     -7.841     1.412E-08     1.443E-08     1.022E+00  Aqueous 
  NaSO4-                -2.497     -2.620     3.182E-03     2.401E-03     7.545E-01  Aqueous 
  Si2O2(OH)5-           -8.003     -8.126     9.924E-09     7.487E-09     7.545E-01  Aqueous 
  Si2O3(OH)4--         -12.022    -12.524     9.516E-13     2.994E-13     3.147E-01  Aqueous 
  Si3O5(OH)5---        -17.907    -19.086     1.239E-18     8.213E-20     6.629E-02  Aqueous 
  Si3O6(OH)3---        -17.907    -19.086     1.239E-18     8.213E-20     6.629E-02  Aqueous 
  Si4O12H4----         -23.426    -25.447     3.749E-24     3.570E-26     9.521E-03  Aqueous 
  Si4O6(OH)6--         -13.949    -14.451     1.124E-14     3.537E-15     3.147E-01  Aqueous 
  Si4O7(OH)6----       -23.326    -25.347     4.720E-24     4.494E-26     9.521E-03  Aqueous 
  Si4O8(OH)4----       -23.326    -25.347     4.720E-24     4.494E-26     9.521E-03  Aqueous 
  Si6O15------         -35.753    -40.871     1.765E-36     1.346E-41     7.626E-06  Aqueous 
  Sr(CO3)(aq)           -7.051     -7.041     8.897E-08     9.092E-08     1.022E+00  Aqueous 
  Sr(HCO3)+             -4.797     -4.914     1.598E-05     1.218E-05     7.623E-01  Aqueous 
  SrCl+                 -5.933     -6.055     1.167E-06     8.803E-07     7.545E-01  Aqueous 
  SrOH+                 -8.877     -8.999     1.328E-09     1.002E-09     7.545E-01  Aqueous 
  SrSO4(aq)             -4.540     -4.530     2.886E-05     2.949E-05     1.022E+00  Aqueous 
  Fe(CO3)2-            -13.913    -14.031     1.222E-14     9.318E-15     7.623E-01  Aqueous 
  FeCl++               -20.434    -20.919     3.678E-21     1.206E-21     3.279E-01  Aqueous 
  FeCl2+               -20.460    -20.578     3.463E-21     2.640E-21     7.623E-01  Aqueous 
  FeCO3+               -17.584    -17.702     2.603E-18     1.984E-18     7.623E-01  Aqueous 
  FeO+                 -11.685    -11.803     2.065E-12     1.575E-12     7.623E-01  Aqueous 
  FeO2-                -12.776    -12.894     1.674E-13     1.276E-13     7.623E-01  Aqueous 
  FeOH++               -15.088    -15.572     8.168E-16     2.679E-16     3.279E-01  Aqueous 
  FeSO4+               -18.226    -18.344     5.945E-19     4.532E-19     7.623E-01  Aqueous 
  HFeO2(aq)            -11.349    -11.340     4.473E-12     4.571E-12     1.022E+00  Aqueous 
 
  ****** Partial pressure of gases (bars) *****
 
 CO2(g)               2.5628E-01
 H2(g)                6.8013E-07
 O2(g)                1.2832E-53
 H2S(g)               1.2514E-06
 
  ****** Saturation state of minerals (log[Q/K] *****
 
  Amorphous_silica         -0.7813
  Anhydrite                -0.2215
  Calcite                   0.0113
  Celestite                -0.0666
  Chalcedony               -0.2252
  Clinochlore_14A          -4.9099
  Cronstedtite_7A,al       -0.5819
  CJ4-Glass              -111.7433
  Daphnite_14A             -1.7611
  Dolomite                  0.0501
  Ettringite              -25.0043
  Ettringite_Fe           -34.2401
  Fe-SaponiteCa            -1.1700
  Fe-SaponiteNa             0.0004
  Fe-SaponiteK             -0.1635
  Fe-SaponiteMg            -0.6201
  Fe-Montmorillonite       -1.4611
  Fe-Montmorillonite       -0.1559
  Fe-Montmorillonite       -0.9360
  Fe-Montmorillonite       -0.2567
  Greenalite               -2.9944
  Goethite_B                0.0266
  Gypsum                   -0.6484
  Illite-FeII              -0.1388
  Illite-FeIII             -0.1382
  Illite-Mg                -0.0165
  Iron                    -40.2173
  Kaolinite_B              -1.0689
  Magnetite,beta           -0.7724
  Microcline                0.0700
  Mg-Montmorillonite        0.0294
  Mg-Montmorillonite       -0.0712
  Mg-Montmorillonite       -0.7522
  Mg-Montmo-Ca_B            0.0366
  Nontronite-Ca            -3.7653
  Nontronite-K             -2.7693
  Nontronite-Mg            -3.2155
  Nontronite-Na            -2.6053
  Pyrite                    0.0000
  Pyrrhotite,alpha         -2.6647
  Quartz_alpha              0.0091
  Saponite-Mg              -2.3544
  Saponite-Na              -1.7266
  Saponite-K               -1.8907
  Saponite-Ca              -2.9043
  Sideritelt                0.0075
  Siderite                 -0.4905
  Huntite                 -28.5369
  Sepiolite                -7.4345
  Minnesotaite             -1.8499
  Brucite                  -4.3343
  Gyrolite                 -8.1547
  MineralH2_45b            -7.8209
 
 *********************************************
  ---> GEOCHEMICAL CONDITION: canister_solution
 
  Temperature (C)         =     90.000
  Porosity                =      0.330
  Liquid Saturation       =      1.000
  Liquid Density (kg/m^3) =   1000.000
  Solid Density (kg/m^3)  =   7840.376
  Solid:Solution Ratio    =  15918.340
  Ionic Strength          =      0.094
  Solution pH             =      6.502
  Solution pe             =     -2.641
  Solution Eh (volts)     =     -0.190
  Total Charge            = -3.144E-18
 
 Total Aqueous Concentrations of Primary Species  
 --------------------------------------- 
 
  Species               Molality     Constraint    Constraint Phase 
 H+                   2.8436E-03     Activity                        
 Na+                  7.2530E-02     Total                           
 Ca++                 2.8840E-03     Total                           
 Cl-                  4.2974E-02     Charge                          
 SO4--                1.8200E-02     Total                           
 H4SiO4(aq)           8.4780E-04     Total                           
 HCO3-                8.5440E-03     Total                           
 Mg++                 7.4170E-04     Total                           
 Fe++                 4.5530E-06     Total                           
 Al+++                7.4780E-08     Total                           
 K+                   5.0850E-03     Total                           
 Sr++                 9.9460E-05     Total                           
 B(OH)3(aq)           1.0000E-15     Total                           
 O2(aq)              -1.9603E-07     Mineral       Pyrite            
 TracerI              1.0000E-05     Total                           
 TracerV              1.0000E-25     Total                           
 
 Concentrations of Individual Species, Exchangers, and Surface Complexes 
 ----------------------------------------------------------------------- 
 
                           Log        Log                                 Activity
 Species              Molality   Activity      Molality      Activity   Coefficient    Type
  H+                    -6.414     -6.502     3.858E-07     3.148E-07     8.159E-01  Aqueous 
  Na+                   -1.164     -1.286     6.854E-02     5.171E-02     7.545E-01  Aqueous 
  Ca++                  -2.755     -3.192     1.759E-03     6.426E-04     3.654E-01  Aqueous 
  Cl-                   -1.375     -1.508     4.212E-02     3.106E-02     7.372E-01  Aqueous 
  SO4--                 -1.873     -2.375     1.340E-02     4.218E-03     3.147E-01  Aqueous 
  H4SiO4(aq)            -3.073     -3.064     8.448E-04     8.633E-04     1.022E+00  Aqueous 
  HCO3-                 -2.261     -2.384     5.479E-03     4.134E-03     7.545E-01  Aqueous 
  Mg++                  -3.372     -3.759     4.248E-04     1.742E-04     4.101E-01  Aqueous 
  Fe++                  -5.614     -6.051     2.433E-06     8.889E-07     3.654E-01  Aqueous 
  Al+++                -15.202    -16.031     6.273E-16     9.300E-17     1.482E-01  Aqueous 
  K+                    -2.323     -2.456     4.751E-03     3.503E-03     7.372E-01  Aqueous 
  Sr++                  -4.273     -4.740     5.337E-05     1.819E-05     3.408E-01  Aqueous 
  B(OH)3(aq)           -15.002    -14.993     9.949E-16     1.017E-15     1.022E+00  Aqueous 
  O2(aq)               -56.010    -56.001     9.767E-57     9.980E-57     1.022E+00  Aqueous 
  TracerI               -5.000     -4.991     1.000E-05     1.022E-05     1.022E+00  Aqueous 
  TracerV              -25.000    -24.991     1.000E-25     1.022E-25     1.022E+00  Aqueous 
  Fe+++                -20.385    -21.214     4.121E-21     6.109E-22     1.482E-01  Aqueous 
  H2(aq)                -9.260     -9.251     5.490E-10     5.610E-10     1.022E+00  Aqueous 
  HS-                   -7.256     -7.383     5.549E-08     4.140E-08     7.461E-01  Aqueous 
  H2S(aq)               -7.373     -7.363     4.239E-08     4.331E-08     1.022E+00  Aqueous 
  OH-                   -5.804     -5.931     1.570E-06     1.171E-06     7.461E-01  Aqueous 
  CO3--                 -5.480     -5.965     3.308E-06     1.085E-06     3.279E-01  Aqueous 
  CO2(aq)               -2.539     -2.530     2.889E-03     2.952E-03     1.022E+00  Aqueous 
  B(OH)4-              -17.327    -17.445     4.708E-18     3.589E-18     7.623E-01  Aqueous 
  NaB(OH)4(aq)         -18.383    -18.374     4.140E-19     4.231E-19     1.022E+00  Aqueous 
  Al(OH)2+             -10.295    -10.418     5.067E-11     3.823E-11     7.545E-01  Aqueous 
  AlH3SiO4++           -12.283    -12.767     5.213E-13     1.710E-13     3.279E-01  Aqueous 
  AlO2-                 -7.165     -7.287     6.837E-08     5.159E-08     7.545E-01  Aqueous 
  AlOH++               -12.328    -12.812     4.703E-13     1.542E-13     3.279E-01  Aqueous 
  AlSO4+               -13.824    -13.942     1.498E-14     1.142E-14     7.623E-01  Aqueous 
  Ca(HCO3)+             -4.329     -4.447     4.688E-05     3.574E-05     7.623E-01  Aqueous 
  CaCl+                 -4.441     -4.563     3.623E-05     2.733E-05     7.545E-01  Aqueous 
  CaCl2(aq)             -6.681     -6.672     2.083E-07     2.129E-07     1.022E+00  Aqueous 
  CaCO3(aq)             -5.299     -5.290     5.018E-06     5.128E-06     1.022E+00  Aqueous 
  CaOH+                 -6.960     -7.083     1.096E-07     8.267E-08     7.545E-01  Aqueous 
  CaSO4(aq)             -2.984     -2.975     1.037E-03     1.059E-03     1.022E+00  Aqueous 
  Fe(CO3)2--            -7.782     -8.266     1.652E-08     5.417E-09     3.279E-01  Aqueous 
  FeCl+                 -7.333     -7.455     4.646E-08     3.506E-08     7.545E-01  Aqueous 
  FeCl2(aq)            -13.861    -13.852     1.376E-14     1.406E-14     1.022E+00  Aqueous 
  FeCO3(aq)             -6.248     -6.239     5.649E-07     5.773E-07     1.022E+00  Aqueous 
  FeCO3OH-              -9.671     -9.788     2.135E-10     1.628E-10     7.623E-01  Aqueous 
  FeHCO3+               -6.712     -6.830     1.940E-07     1.479E-07     7.623E-01  Aqueous 
  FeO                   -9.945     -9.935     1.136E-10     1.160E-10     1.022E+00  Aqueous 
  FeO2--               -25.841    -26.343     1.442E-26     4.538E-27     3.147E-01  Aqueous 
  FeOH+                 -7.188     -7.310     6.491E-08     4.898E-08     7.545E-01  Aqueous 
  FeSO4(aq)             -5.909     -5.900     1.233E-06     1.260E-06     1.022E+00  Aqueous 
  H2SiO4--             -10.761    -11.245     1.734E-11     5.688E-12     3.279E-01  Aqueous 
  HAlO2(aq)             -8.299     -8.289     5.027E-09     5.137E-09     1.022E+00  Aqueous 
  HCl(aq)               -8.847     -8.838     1.421E-09     1.452E-09     1.022E+00  Aqueous 
  HFeO2-               -13.947    -14.065     1.130E-14     8.612E-15     7.623E-01  Aqueous 
  HSiO3-                -5.532     -5.654     2.939E-06     2.218E-06     7.545E-01  Aqueous 
  HSO4-                 -5.831     -5.953     1.477E-06     1.114E-06     7.545E-01  Aqueous 
  KAlO2(aq)            -10.104    -10.095     7.868E-11     8.040E-11     1.022E+00  Aqueous 
  KCl(aq)               -4.218     -4.209     6.047E-05     6.179E-05     1.022E+00  Aqueous 
  KOH(aq)               -8.421     -8.412     3.794E-09     3.877E-09     1.022E+00  Aqueous 
  KSO4-                 -3.563     -3.686     2.733E-04     2.062E-04     7.545E-01  Aqueous 
  Mg(HCO3)+             -4.680     -4.798     2.087E-05     1.591E-05     7.623E-01  Aqueous 
  Mg4(OH)4++++         -20.026    -21.846     9.426E-21     1.426E-22     1.513E-02  Aqueous 
  MgCl+                 -4.640     -4.762     2.292E-05     1.729E-05     7.545E-01  Aqueous 
  MgCO3(aq)             -6.306     -6.297     4.943E-07     5.051E-07     1.022E+00  Aqueous 
  MgOH+                 -6.802     -6.920     1.577E-07     1.202E-07     7.623E-01  Aqueous 
  MgSO4(aq)             -3.565     -3.555     2.725E-04     2.784E-04     1.022E+00  Aqueous 
  NaAlO2(aq)            -8.903     -8.893     1.251E-09     1.278E-09     1.022E+00  Aqueous 
  NaCl(aq)              -3.137     -3.128     7.291E-04     7.450E-04     1.022E+00  Aqueous 
  NaCO3-                -4.488     -4.606     3.249E-05     2.476E-05     7.623E-01  Aqueous 
  NaHCO3(aq)            -4.300     -4.291     5.008E-05     5.118E-05     1.022E+00  Aqueous 
  NaOH(aq)              -7.850     -7.841     1.412E-08     1.443E-08     1.022E+00  Aqueous 
  NaSO4-                -2.497     -2.620     3.182E-03     2.401E-03     7.545E-01  Aqueous 
  Si2O2(OH)5-           -8.003     -8.126     9.924E-09     7.487E-09     7.545E-01  Aqueous 
  Si2O3(OH)4--         -12.022    -12.524     9.516E-13     2.994E-13     3.147E-01  Aqueous 
  Si3O5(OH)5---        -17.907    -19.086     1.239E-18     8.213E-20     6.629E-02  Aqueous 
  Si3O6(OH)3---        -17.907    -19.086     1.239E-18     8.213E-20     6.629E-02  Aqueous 
  Si4O12H4----         -23.426    -25.447     3.749E-24     3.570E-26     9.521E-03  Aqueous 
  Si4O6(OH)6--         -13.949    -14.451     1.124E-14     3.537E-15     3.147E-01  Aqueous 
  Si4O7(OH)6----       -23.326    -25.347     4.720E-24     4.494E-26     9.521E-03  Aqueous 
  Si4O8(OH)4----       -23.326    -25.347     4.720E-24     4.494E-26     9.521E-03  Aqueous 
  Si6O15------         -35.753    -40.871     1.765E-36     1.346E-41     7.626E-06  Aqueous 
  Sr(CO3)(aq)           -7.051     -7.041     8.897E-08     9.092E-08     1.022E+00  Aqueous 
  Sr(HCO3)+             -4.797     -4.914     1.598E-05     1.218E-05     7.623E-01  Aqueous 
  SrCl+                 -5.933     -6.055     1.167E-06     8.803E-07     7.545E-01  Aqueous 
  SrOH+                 -8.877     -8.999     1.328E-09     1.002E-09     7.545E-01  Aqueous 
  SrSO4(aq)             -4.540     -4.530     2.886E-05     2.949E-05     1.022E+00  Aqueous 
  Fe(CO3)2-            -13.913    -14.031     1.222E-14     9.318E-15     7.623E-01  Aqueous 
  FeCl++               -20.434    -20.919     3.678E-21     1.206E-21     3.279E-01  Aqueous 
  FeCl2+               -20.460    -20.578     3.463E-21     2.640E-21     7.623E-01  Aqueous 
  FeCO3+               -17.584    -17.702     2.603E-18     1.984E-18     7.623E-01  Aqueous 
  FeO+                 -11.685    -11.803     2.065E-12     1.575E-12     7.623E-01  Aqueous 
  FeO2-                -12.776    -12.894     1.674E-13     1.276E-13     7.623E-01  Aqueous 
  FeOH++               -15.088    -15.572     8.168E-16     2.679E-16     3.279E-01  Aqueous 
  FeSO4+               -18.226    -18.344     5.945E-19     4.532E-19     7.623E-01  Aqueous 
  HFeO2(aq)            -11.349    -11.340     4.473E-12     4.571E-12     1.022E+00  Aqueous 
 
  ****** Partial pressure of gases (bars) *****
 
 CO2(g)               2.5628E-01
 H2(g)                6.8013E-07
 O2(g)                1.2832E-53
 H2S(g)               1.2514E-06
 
  ****** Saturation state of minerals (log[Q/K] *****
 
  Amorphous_silica         -0.7813
  Anhydrite                -0.2215
  Calcite                   0.0113
  Celestite                -0.0666
  Chalcedony               -0.2252
  Clinochlore_14A          -4.9099
  Cronstedtite_7A,al       -0.5819
  CJ4-Glass              -131.7433
  Daphnite_14A             -1.7611
  Dolomite                  0.0501
  Ettringite              -25.0043
  Ettringite_Fe           -34.2401
  Fe-SaponiteCa            -1.1700
  Fe-SaponiteNa             0.0004
  Fe-SaponiteK             -0.1635
  Fe-SaponiteMg            -0.6201
  Fe-Montmorillonite       -1.4611
  Fe-Montmorillonite       -0.1559
  Fe-Montmorillonite       -0.9360
  Fe-Montmorillonite       -0.2567
  Greenalite               -2.9944
  Goethite_B                0.0266
  Gypsum                   -0.6484
  Illite-FeII              -0.1388
  Illite-FeIII             -0.1382
  Illite-Mg                -0.0165
  Iron                    -20.2173
  Kaolinite_B              -1.0689
  Magnetite,beta           -0.7724
  Microcline                0.0700
  Mg-Montmorillonite        0.0294
  Mg-Montmorillonite       -0.0712
  Mg-Montmorillonite       -0.7522
  Mg-Montmo-Ca_B            0.0366
  Nontronite-Ca            -3.7653
  Nontronite-K             -2.7693
  Nontronite-Mg            -3.2155
  Nontronite-Na            -2.6053
  Pyrite                    0.0000
  Pyrrhotite,alpha         -2.6647
  Quartz_alpha              0.0091
  Saponite-Mg              -2.3544
  Saponite-Na              -1.7266
  Saponite-K               -1.8907
  Saponite-Ca              -2.9043
  Sideritelt                0.0075
  Siderite                 -0.4905
  Huntite                 -28.5369
  Sepiolite                -7.4345
  Minnesotaite             -1.8499
  Brucite                  -4.3343
  Gyrolite                 -8.1547
  MineralH2_45b            -7.8209
 
 *********************************************
  ---> GEOCHEMICAL CONDITION: clay_solution
 
  Temperature (C)         =     90.000
  Porosity                =      0.181
  Liquid Saturation       =      1.000
  Liquid Density (kg/m^3) =   1000.000
  Solid Density (kg/m^3)  =   2718.944
  Solid:Solution Ratio    =  12326.122
  Ionic Strength          =      0.094
  Solution pH             =      6.502
  Solution pe             =     -2.641
  Solution Eh (volts)     =     -0.190
  Total Charge            = -3.144E-18
 
 Total Aqueous Concentrations of Primary Species  
 --------------------------------------- 
 
  Species               Molality     Constraint    Constraint Phase 
 H+                   2.8436E-03     Activity                        
 Na+                  7.2530E-02     Total                           
 Ca++                 2.8840E-03     Total                           
 Cl-                  4.2974E-02     Charge                          
 SO4--                1.8200E-02     Total                           
 H4SiO4(aq)           8.4780E-04     Total                           
 HCO3-                8.5440E-03     Total                           
 Mg++                 7.4170E-04     Total                           
 Fe++                 4.5530E-06     Total                           
 Al+++                7.4780E-08     Total                           
 K+                   5.0850E-03     Total                           
 Sr++                 9.9460E-05     Total                           
 B(OH)3(aq)           1.0000E-15     Total                           
 O2(aq)              -1.9603E-07     Mineral       Pyrite            
 TracerI              1.0000E-25     Total                           
 TracerV              1.0000E-25     Total                           
 
 Concentrations of Individual Species, Exchangers, and Surface Complexes 
 ----------------------------------------------------------------------- 
 
                           Log        Log                                 Activity
 Species              Molality   Activity      Molality      Activity   Coefficient    Type
  H+                    -6.414     -6.502     3.858E-07     3.148E-07     8.159E-01  Aqueous 
  Na+                   -1.164     -1.286     6.854E-02     5.171E-02     7.545E-01  Aqueous 
  Ca++                  -2.755     -3.192     1.759E-03     6.426E-04     3.654E-01  Aqueous 
  Cl-                   -1.375     -1.508     4.212E-02     3.106E-02     7.372E-01  Aqueous 
  SO4--                 -1.873     -2.375     1.340E-02     4.218E-03     3.147E-01  Aqueous 
  H4SiO4(aq)            -3.073     -3.064     8.448E-04     8.633E-04     1.022E+00  Aqueous 
  HCO3-                 -2.261     -2.384     5.479E-03     4.134E-03     7.545E-01  Aqueous 
  Mg++                  -3.372     -3.759     4.248E-04     1.742E-04     4.101E-01  Aqueous 
  Fe++                  -5.614     -6.051     2.433E-06     8.889E-07     3.654E-01  Aqueous 
  Al+++                -15.202    -16.031     6.273E-16     9.300E-17     1.482E-01  Aqueous 
  K+                    -2.323     -2.456     4.751E-03     3.503E-03     7.372E-01  Aqueous 
  Sr++                  -4.273     -4.740     5.337E-05     1.819E-05     3.408E-01  Aqueous 
  B(OH)3(aq)           -15.002    -14.993     9.949E-16     1.017E-15     1.022E+00  Aqueous 
  O2(aq)               -56.010    -56.001     9.767E-57     9.980E-57     1.022E+00  Aqueous 
  TracerI              -25.000    -24.991     1.000E-25     1.022E-25     1.022E+00  Aqueous 
  TracerV              -25.000    -24.991     1.000E-25     1.022E-25     1.022E+00  Aqueous 
  Fe+++                -20.385    -21.214     4.121E-21     6.109E-22     1.482E-01  Aqueous 
  H2(aq)                -9.260     -9.251     5.490E-10     5.610E-10     1.022E+00  Aqueous 
  HS-                   -7.256     -7.383     5.549E-08     4.140E-08     7.461E-01  Aqueous 
  H2S(aq)               -7.373     -7.363     4.239E-08     4.331E-08     1.022E+00  Aqueous 
  OH-                   -5.804     -5.931     1.570E-06     1.171E-06     7.461E-01  Aqueous 
  CO3--                 -5.480     -5.965     3.308E-06     1.085E-06     3.279E-01  Aqueous 
  CO2(aq)               -2.539     -2.530     2.889E-03     2.952E-03     1.022E+00  Aqueous 
  B(OH)4-              -17.327    -17.445     4.708E-18     3.589E-18     7.623E-01  Aqueous 
  NaB(OH)4(aq)         -18.383    -18.374     4.140E-19     4.231E-19     1.022E+00  Aqueous 
  Al(OH)2+             -10.295    -10.418     5.067E-11     3.823E-11     7.545E-01  Aqueous 
  AlH3SiO4++           -12.283    -12.767     5.213E-13     1.710E-13     3.279E-01  Aqueous 
  AlO2-                 -7.165     -7.287     6.837E-08     5.159E-08     7.545E-01  Aqueous 
  AlOH++               -12.328    -12.812     4.703E-13     1.542E-13     3.279E-01  Aqueous 
  AlSO4+               -13.824    -13.942     1.498E-14     1.142E-14     7.623E-01  Aqueous 
  Ca(HCO3)+             -4.329     -4.447     4.688E-05     3.574E-05     7.623E-01  Aqueous 
  CaCl+                 -4.441     -4.563     3.623E-05     2.733E-05     7.545E-01  Aqueous 
  CaCl2(aq)             -6.681     -6.672     2.083E-07     2.129E-07     1.022E+00  Aqueous 
  CaCO3(aq)             -5.299     -5.290     5.018E-06     5.128E-06     1.022E+00  Aqueous 
  CaOH+                 -6.960     -7.083     1.096E-07     8.267E-08     7.545E-01  Aqueous 
  CaSO4(aq)             -2.984     -2.975     1.037E-03     1.059E-03     1.022E+00  Aqueous 
  Fe(CO3)2--            -7.782     -8.266     1.652E-08     5.417E-09     3.279E-01  Aqueous 
  FeCl+                 -7.333     -7.455     4.646E-08     3.506E-08     7.545E-01  Aqueous 
  FeCl2(aq)            -13.861    -13.852     1.376E-14     1.406E-14     1.022E+00  Aqueous 
  FeCO3(aq)             -6.248     -6.239     5.649E-07     5.773E-07     1.022E+00  Aqueous 
  FeCO3OH-              -9.671     -9.788     2.135E-10     1.628E-10     7.623E-01  Aqueous 
  FeHCO3+               -6.712     -6.830     1.940E-07     1.479E-07     7.623E-01  Aqueous 
  FeO                   -9.945     -9.935     1.136E-10     1.160E-10     1.022E+00  Aqueous 
  FeO2--               -25.841    -26.343     1.442E-26     4.538E-27     3.147E-01  Aqueous 
  FeOH+                 -7.188     -7.310     6.491E-08     4.898E-08     7.545E-01  Aqueous 
  FeSO4(aq)             -5.909     -5.900     1.233E-06     1.260E-06     1.022E+00  Aqueous 
  H2SiO4--             -10.761    -11.245     1.734E-11     5.688E-12     3.279E-01  Aqueous 
  HAlO2(aq)             -8.299     -8.289     5.027E-09     5.137E-09     1.022E+00  Aqueous 
  HCl(aq)               -8.847     -8.838     1.421E-09     1.452E-09     1.022E+00  Aqueous 
  HFeO2-               -13.947    -14.065     1.130E-14     8.612E-15     7.623E-01  Aqueous 
  HSiO3-                -5.532     -5.654     2.939E-06     2.218E-06     7.545E-01  Aqueous 
  HSO4-                 -5.831     -5.953     1.477E-06     1.114E-06     7.545E-01  Aqueous 
  KAlO2(aq)            -10.104    -10.095     7.868E-11     8.040E-11     1.022E+00  Aqueous 
  KCl(aq)               -4.218     -4.209     6.047E-05     6.179E-05     1.022E+00  Aqueous 
  KOH(aq)               -8.421     -8.412     3.794E-09     3.877E-09     1.022E+00  Aqueous 
  KSO4-                 -3.563     -3.686     2.733E-04     2.062E-04     7.545E-01  Aqueous 
  Mg(HCO3)+             -4.680     -4.798     2.087E-05     1.591E-05     7.623E-01  Aqueous 
  Mg4(OH)4++++         -20.026    -21.846     9.426E-21     1.426E-22     1.513E-02  Aqueous 
  MgCl+                 -4.640     -4.762     2.292E-05     1.729E-05     7.545E-01  Aqueous 
  MgCO3(aq)             -6.306     -6.297     4.943E-07     5.051E-07     1.022E+00  Aqueous 
  MgOH+                 -6.802     -6.920     1.577E-07     1.202E-07     7.623E-01  Aqueous 
  MgSO4(aq)             -3.565     -3.555     2.725E-04     2.784E-04     1.022E+00  Aqueous 
  NaAlO2(aq)            -8.903     -8.893     1.251E-09     1.278E-09     1.022E+00  Aqueous 
  NaCl(aq)              -3.137     -3.128     7.291E-04     7.450E-04     1.022E+00  Aqueous 
  NaCO3-                -4.488     -4.606     3.249E-05     2.476E-05     7.623E-01  Aqueous 
  NaHCO3(aq)            -4.300     -4.291     5.008E-05     5.118E-05     1.022E+00  Aqueous 
  NaOH(aq)              -7.850     -7.841     1.412E-08     1.443E-08     1.022E+00  Aqueous 
  NaSO4-                -2.497     -2.620     3.182E-03     2.401E-03     7.545E-01  Aqueous 
  Si2O2(OH)5-           -8.003     -8.126     9.924E-09     7.487E-09     7.545E-01  Aqueous 
  Si2O3(OH)4--         -12.022    -12.524     9.516E-13     2.994E-13     3.147E-01  Aqueous 
  Si3O5(OH)5---        -17.907    -19.086     1.239E-18     8.213E-20     6.629E-02  Aqueous 
  Si3O6(OH)3---        -17.907    -19.086     1.239E-18     8.213E-20     6.629E-02  Aqueous 
  Si4O12H4----         -23.426    -25.447     3.749E-24     3.570E-26     9.521E-03  Aqueous 
  Si4O6(OH)6--         -13.949    -14.451     1.124E-14     3.537E-15     3.147E-01  Aqueous 
  Si4O7(OH)6----       -23.326    -25.347     4.720E-24     4.494E-26     9.521E-03  Aqueous 
  Si4O8(OH)4----       -23.326    -25.347     4.720E-24     4.494E-26     9.521E-03  Aqueous 
  Si6O15------         -35.753    -40.871     1.765E-36     1.346E-41     7.626E-06  Aqueous 
  Sr(CO3)(aq)           -7.051     -7.041     8.897E-08     9.092E-08     1.022E+00  Aqueous 
  Sr(HCO3)+             -4.797     -4.914     1.598E-05     1.218E-05     7.623E-01  Aqueous 
  SrCl+                 -5.933     -6.055     1.167E-06     8.803E-07     7.545E-01  Aqueous 
  SrOH+                 -8.877     -8.999     1.328E-09     1.002E-09     7.545E-01  Aqueous 
  SrSO4(aq)             -4.540     -4.530     2.886E-05     2.949E-05     1.022E+00  Aqueous 
  Fe(CO3)2-            -13.913    -14.031     1.222E-14     9.318E-15     7.623E-01  Aqueous 
  FeCl++               -20.434    -20.919     3.678E-21     1.206E-21     3.279E-01  Aqueous 
  FeCl2+               -20.460    -20.578     3.463E-21     2.640E-21     7.623E-01  Aqueous 
  FeCO3+               -17.584    -17.702     2.603E-18     1.984E-18     7.623E-01  Aqueous 
  FeO+                 -11.685    -11.803     2.065E-12     1.575E-12     7.623E-01  Aqueous 
  FeO2-                -12.776    -12.894     1.674E-13     1.276E-13     7.623E-01  Aqueous 
  FeOH++               -15.088    -15.572     8.168E-16     2.679E-16     3.279E-01  Aqueous 
  FeSO4+               -18.226    -18.344     5.945E-19     4.532E-19     7.623E-01  Aqueous 
  HFeO2(aq)            -11.349    -11.340     4.473E-12     4.571E-12     1.022E+00  Aqueous 
 
  ****** Partial pressure of gases (bars) *****
 
 CO2(g)               2.5628E-01
 H2(g)                6.8013E-07
 O2(g)                1.2832E-53
 H2S(g)               1.2514E-06
 
  ****** Saturation state of minerals (log[Q/K] *****
 
  Amorphous_silica         -0.7813
  Anhydrite                -0.2215
  Calcite                   0.0113
  Celestite                -0.0666
  Chalcedony               -0.2252
  Clinochlore_14A          -4.9099
  Cronstedtite_7A,al       -0.5819
  CJ4-Glass              -131.7433
  Daphnite_14A             -1.7611
  Dolomite                  0.0501
  Ettringite              -25.0043
  Ettringite_Fe           -34.2401
  Fe-SaponiteCa            -1.1700
  Fe-SaponiteNa             0.0004
  Fe-SaponiteK             -0.1635
  Fe-SaponiteMg            -0.6201
  Fe-Montmorillonite       -1.4611
  Fe-Montmorillonite       -0.1559
  Fe-Montmorillonite       -0.9360
  Fe-Montmorillonite       -0.2567
  Greenalite               -2.9944
  Goethite_B                0.0266
  Gypsum                   -0.6484
  Illite-FeII              -0.1388
  Illite-FeIII             -0.1382
  Illite-Mg                -0.0165
  Iron                    -40.2173
  Kaolinite_B              -1.0689
  Magnetite,beta           -0.7724
  Microcline                0.0700
  Mg-Montmorillonite        0.0294
  Mg-Montmorillonite       -0.0712
  Mg-Montmorillonite       -0.7522
  Mg-Montmo-Ca_B            0.0366
  Nontronite-Ca            -3.7653
  Nontronite-K             -2.7693
  Nontronite-Mg            -3.2155
  Nontronite-Na            -2.6053
  Pyrite                    0.0000
  Pyrrhotite,alpha         -2.6647
  Quartz_alpha              0.0091
  Saponite-Mg              -2.3544
  Saponite-Na              -1.7266
  Saponite-K               -1.8907
  Saponite-Ca              -2.9043
  Sideritelt                0.0075
  Siderite                 -0.4905
  Huntite                 -28.5369
  Sepiolite                -7.4345
  Minnesotaite             -1.8499
  Brucite                  -4.3343
  Gyrolite                 -8.1547
  MineralH2_45b            -7.8209
 
                SPECIATION OF  
      INITIAL AND BOUNDARY CONDITIONS 
           SUCCESSFULLY COMPLETED
 
